Total_cluster: 100
Total_instance: 100
Current_instance: 
    control_plane: 100
    worker_node: 0
Start_Time: 2023년 05월 31일 수요일 (16시 46분 31초)
End_Time: 2023년 05월 31일 수요일 (16시 59분 12초)
Status: Ready

----- mk8s-os-cluster-1 ------------------------------------------------------------------------------
NAME                                    STATUS   ROLES    AGE   VERSION                     INTERNAL-IP   EXTERNAL-IP   OS-IMAGE             KERNEL-VERSION     CONTAINER-RUNTIME
mk8s-os-cluster-1-control-plane-p2w46   Ready    <none>   12m   v1.23.17-2+40cc20cc310518   10.6.0.119    <none>        Ubuntu 20.04.3 LTS   5.4.0-89-generic   containerd://1.5.13
------------------------------------------------------------------------------------------------------

----- mk8s-os-cluster-2 ------------------------------------------------------------------------------
NAME                                    STATUS   ROLES    AGE   VERSION                     INTERNAL-IP   EXTERNAL-IP   OS-IMAGE             KERNEL-VERSION     CONTAINER-RUNTIME
mk8s-os-cluster-2-control-plane-g9lnc   Ready    <none>   12m   v1.23.17-2+40cc20cc310518   10.6.0.163    <none>        Ubuntu 20.04.3 LTS   5.4.0-89-generic   containerd://1.5.13
------------------------------------------------------------------------------------------------------

----- mk8s-os-cluster-3 ------------------------------------------------------------------------------
NAME                                    STATUS   ROLES    AGE   VERSION                     INTERNAL-IP   EXTERNAL-IP   OS-IMAGE             KERNEL-VERSION     CONTAINER-RUNTIME
mk8s-os-cluster-3-control-plane-jz57w   Ready    <none>   12m   v1.23.17-2+40cc20cc310518   10.6.0.108    <none>        Ubuntu 20.04.3 LTS   5.4.0-89-generic   containerd://1.5.13
------------------------------------------------------------------------------------------------------

----- mk8s-os-cluster-4 ------------------------------------------------------------------------------
NAME                                    STATUS   ROLES    AGE   VERSION                     INTERNAL-IP   EXTERNAL-IP   OS-IMAGE             KERNEL-VERSION     CONTAINER-RUNTIME
mk8s-os-cluster-4-control-plane-wjdrl   Ready    <none>   12m   v1.23.17-2+40cc20cc310518   10.6.0.78     <none>        Ubuntu 20.04.3 LTS   5.4.0-89-generic   containerd://1.5.13
------------------------------------------------------------------------------------------------------

----- mk8s-os-cluster-5 ------------------------------------------------------------------------------
NAME                                    STATUS   ROLES    AGE   VERSION                     INTERNAL-IP   EXTERNAL-IP   OS-IMAGE             KERNEL-VERSION     CONTAINER-RUNTIME
mk8s-os-cluster-5-control-plane-748kw   Ready    <none>   12m   v1.23.17-2+40cc20cc310518   10.6.0.105    <none>        Ubuntu 20.04.3 LTS   5.4.0-89-generic   containerd://1.5.13
------------------------------------------------------------------------------------------------------

----- mk8s-os-cluster-6 ------------------------------------------------------------------------------
NAME                                    STATUS   ROLES    AGE   VERSION                     INTERNAL-IP   EXTERNAL-IP   OS-IMAGE             KERNEL-VERSION     CONTAINER-RUNTIME
mk8s-os-cluster-6-control-plane-bb94f   Ready    <none>   10m   v1.23.17-2+40cc20cc310518   10.6.0.66     <none>        Ubuntu 20.04.3 LTS   5.4.0-89-generic   containerd://1.5.13
------------------------------------------------------------------------------------------------------

----- mk8s-os-cluster-7 ------------------------------------------------------------------------------
NAME                                    STATUS   ROLES    AGE   VERSION                     INTERNAL-IP   EXTERNAL-IP   OS-IMAGE             KERNEL-VERSION     CONTAINER-RUNTIME
mk8s-os-cluster-7-control-plane-z2z47   Ready    <none>   12m   v1.23.17-2+40cc20cc310518   10.6.0.170    <none>        Ubuntu 20.04.3 LTS   5.4.0-89-generic   containerd://1.5.13
------------------------------------------------------------------------------------------------------

----- mk8s-os-cluster-8 ------------------------------------------------------------------------------
NAME                                    STATUS   ROLES    AGE   VERSION                     INTERNAL-IP   EXTERNAL-IP   OS-IMAGE             KERNEL-VERSION     CONTAINER-RUNTIME
mk8s-os-cluster-8-control-plane-swmsx   Ready    <none>   10m   v1.23.17-2+40cc20cc310518   10.6.0.253    <none>        Ubuntu 20.04.3 LTS   5.4.0-89-generic   containerd://1.5.13
------------------------------------------------------------------------------------------------------

----- mk8s-os-cluster-9 ------------------------------------------------------------------------------
NAME                                    STATUS   ROLES    AGE   VERSION                     INTERNAL-IP   EXTERNAL-IP   OS-IMAGE             KERNEL-VERSION     CONTAINER-RUNTIME
mk8s-os-cluster-9-control-plane-92hhb   Ready    <none>   12m   v1.23.17-2+40cc20cc310518   10.6.0.159    <none>        Ubuntu 20.04.3 LTS   5.4.0-89-generic   containerd://1.5.13
------------------------------------------------------------------------------------------------------

----- mk8s-os-cluster-10 ------------------------------------------------------------------------------
NAME                                     STATUS   ROLES    AGE   VERSION                     INTERNAL-IP   EXTERNAL-IP   OS-IMAGE             KERNEL-VERSION     CONTAINER-RUNTIME
mk8s-os-cluster-10-control-plane-cqfwx   Ready    <none>   12m   v1.23.17-2+40cc20cc310518   10.6.0.62     <none>        Ubuntu 20.04.3 LTS   5.4.0-89-generic   containerd://1.5.13
------------------------------------------------------------------------------------------------------

----- mk8s-os-cluster-11 ------------------------------------------------------------------------------
NAME                                     STATUS   ROLES    AGE   VERSION                     INTERNAL-IP   EXTERNAL-IP   OS-IMAGE             KERNEL-VERSION     CONTAINER-RUNTIME
mk8s-os-cluster-11-control-plane-ssl9r   Ready    <none>   12m   v1.23.17-2+40cc20cc310518   10.6.0.242    <none>        Ubuntu 20.04.3 LTS   5.4.0-89-generic   containerd://1.5.13
------------------------------------------------------------------------------------------------------

----- mk8s-os-cluster-12 ------------------------------------------------------------------------------
NAME                                     STATUS   ROLES    AGE   VERSION                     INTERNAL-IP   EXTERNAL-IP   OS-IMAGE             KERNEL-VERSION     CONTAINER-RUNTIME
mk8s-os-cluster-12-control-plane-8vw5z   Ready    <none>   10m   v1.23.17-2+40cc20cc310518   10.6.0.71     <none>        Ubuntu 20.04.3 LTS   5.4.0-89-generic   containerd://1.5.13
------------------------------------------------------------------------------------------------------

----- mk8s-os-cluster-13 ------------------------------------------------------------------------------
NAME                                     STATUS   ROLES    AGE   VERSION                     INTERNAL-IP   EXTERNAL-IP   OS-IMAGE             KERNEL-VERSION     CONTAINER-RUNTIME
mk8s-os-cluster-13-control-plane-hpj7v   Ready    <none>   12m   v1.23.17-2+40cc20cc310518   10.6.0.155    <none>        Ubuntu 20.04.3 LTS   5.4.0-89-generic   containerd://1.5.13
------------------------------------------------------------------------------------------------------

----- mk8s-os-cluster-14 ------------------------------------------------------------------------------
NAME                                     STATUS   ROLES    AGE   VERSION                     INTERNAL-IP   EXTERNAL-IP   OS-IMAGE             KERNEL-VERSION     CONTAINER-RUNTIME
mk8s-os-cluster-14-control-plane-k9tvp   Ready    <none>   11m   v1.23.17-2+40cc20cc310518   10.6.0.208    <none>        Ubuntu 20.04.3 LTS   5.4.0-89-generic   containerd://1.5.13
------------------------------------------------------------------------------------------------------

----- mk8s-os-cluster-15 ------------------------------------------------------------------------------
NAME                                     STATUS   ROLES    AGE   VERSION                     INTERNAL-IP   EXTERNAL-IP   OS-IMAGE             KERNEL-VERSION     CONTAINER-RUNTIME
mk8s-os-cluster-15-control-plane-vbcpj   Ready    <none>   12m   v1.23.17-2+40cc20cc310518   10.6.0.250    <none>        Ubuntu 20.04.3 LTS   5.4.0-89-generic   containerd://1.5.13
------------------------------------------------------------------------------------------------------

----- mk8s-os-cluster-16 ------------------------------------------------------------------------------
NAME                                     STATUS   ROLES    AGE   VERSION                     INTERNAL-IP   EXTERNAL-IP   OS-IMAGE             KERNEL-VERSION     CONTAINER-RUNTIME
mk8s-os-cluster-16-control-plane-ctchh   Ready    <none>   10m   v1.23.17-2+40cc20cc310518   10.6.0.72     <none>        Ubuntu 20.04.3 LTS   5.4.0-89-generic   containerd://1.5.13
------------------------------------------------------------------------------------------------------

----- mk8s-os-cluster-17 ------------------------------------------------------------------------------
NAME                                     STATUS   ROLES    AGE   VERSION                     INTERNAL-IP   EXTERNAL-IP   OS-IMAGE             KERNEL-VERSION     CONTAINER-RUNTIME
mk8s-os-cluster-17-control-plane-lx7sx   Ready    <none>   12m   v1.23.17-2+40cc20cc310518   10.6.0.66     <none>        Ubuntu 20.04.3 LTS   5.4.0-89-generic   containerd://1.5.13
------------------------------------------------------------------------------------------------------

----- mk8s-os-cluster-18 ------------------------------------------------------------------------------
NAME                                     STATUS   ROLES    AGE   VERSION                     INTERNAL-IP   EXTERNAL-IP   OS-IMAGE             KERNEL-VERSION     CONTAINER-RUNTIME
mk8s-os-cluster-18-control-plane-tplhr   Ready    <none>   10m   v1.23.17-2+40cc20cc310518   10.6.0.41     <none>        Ubuntu 20.04.3 LTS   5.4.0-89-generic   containerd://1.5.13
------------------------------------------------------------------------------------------------------

----- mk8s-os-cluster-19 ------------------------------------------------------------------------------
NAME                                     STATUS   ROLES    AGE   VERSION                     INTERNAL-IP   EXTERNAL-IP   OS-IMAGE             KERNEL-VERSION     CONTAINER-RUNTIME
mk8s-os-cluster-19-control-plane-cvttq   Ready    <none>   10m   v1.23.17-2+40cc20cc310518   10.6.0.134    <none>        Ubuntu 20.04.3 LTS   5.4.0-89-generic   containerd://1.5.13
------------------------------------------------------------------------------------------------------

----- mk8s-os-cluster-20 ------------------------------------------------------------------------------
NAME                                     STATUS   ROLES    AGE   VERSION                     INTERNAL-IP   EXTERNAL-IP   OS-IMAGE             KERNEL-VERSION     CONTAINER-RUNTIME
mk8s-os-cluster-20-control-plane-8qwnh   Ready    <none>   11m   v1.23.17-2+40cc20cc310518   10.6.0.230    <none>        Ubuntu 20.04.3 LTS   5.4.0-89-generic   containerd://1.5.13
------------------------------------------------------------------------------------------------------

----- mk8s-os-cluster-21 ------------------------------------------------------------------------------
NAME                                     STATUS   ROLES    AGE   VERSION                     INTERNAL-IP   EXTERNAL-IP   OS-IMAGE             KERNEL-VERSION     CONTAINER-RUNTIME
mk8s-os-cluster-21-control-plane-vrcz9   Ready    <none>   11m   v1.23.17-2+40cc20cc310518   10.6.0.162    <none>        Ubuntu 20.04.3 LTS   5.4.0-89-generic   containerd://1.5.13
------------------------------------------------------------------------------------------------------

----- mk8s-os-cluster-22 ------------------------------------------------------------------------------
NAME                                     STATUS   ROLES    AGE   VERSION                     INTERNAL-IP   EXTERNAL-IP   OS-IMAGE             KERNEL-VERSION     CONTAINER-RUNTIME
mk8s-os-cluster-22-control-plane-tqdx7   Ready    <none>   12m   v1.23.17-2+40cc20cc310518   10.6.0.119    <none>        Ubuntu 20.04.3 LTS   5.4.0-89-generic   containerd://1.5.13
------------------------------------------------------------------------------------------------------

----- mk8s-os-cluster-23 ------------------------------------------------------------------------------
NAME                                     STATUS   ROLES    AGE   VERSION                     INTERNAL-IP   EXTERNAL-IP   OS-IMAGE             KERNEL-VERSION     CONTAINER-RUNTIME
mk8s-os-cluster-23-control-plane-m7fp8   Ready    <none>   10m   v1.23.17-2+40cc20cc310518   10.6.0.178    <none>        Ubuntu 20.04.3 LTS   5.4.0-89-generic   containerd://1.5.13
------------------------------------------------------------------------------------------------------

----- mk8s-os-cluster-24 ------------------------------------------------------------------------------
NAME                                     STATUS   ROLES    AGE   VERSION                     INTERNAL-IP   EXTERNAL-IP   OS-IMAGE             KERNEL-VERSION     CONTAINER-RUNTIME
mk8s-os-cluster-24-control-plane-zvwjw   Ready    <none>   11m   v1.23.17-2+40cc20cc310518   10.6.0.18     <none>        Ubuntu 20.04.3 LTS   5.4.0-89-generic   containerd://1.5.13
------------------------------------------------------------------------------------------------------

----- mk8s-os-cluster-25 ------------------------------------------------------------------------------
NAME                                     STATUS   ROLES    AGE   VERSION                     INTERNAL-IP   EXTERNAL-IP   OS-IMAGE             KERNEL-VERSION     CONTAINER-RUNTIME
mk8s-os-cluster-25-control-plane-sxksc   Ready    <none>   11m   v1.23.17-2+40cc20cc310518   10.6.0.163    <none>        Ubuntu 20.04.3 LTS   5.4.0-89-generic   containerd://1.5.13
------------------------------------------------------------------------------------------------------

----- mk8s-os-cluster-26 ------------------------------------------------------------------------------
NAME                                     STATUS   ROLES    AGE   VERSION                     INTERNAL-IP   EXTERNAL-IP   OS-IMAGE             KERNEL-VERSION     CONTAINER-RUNTIME
mk8s-os-cluster-26-control-plane-5gf5q   Ready    <none>   11m   v1.23.17-2+40cc20cc310518   10.6.0.134    <none>        Ubuntu 20.04.3 LTS   5.4.0-89-generic   containerd://1.5.13
------------------------------------------------------------------------------------------------------

----- mk8s-os-cluster-27 ------------------------------------------------------------------------------
NAME                                     STATUS   ROLES    AGE   VERSION                     INTERNAL-IP   EXTERNAL-IP   OS-IMAGE             KERNEL-VERSION     CONTAINER-RUNTIME
mk8s-os-cluster-27-control-plane-4kn7q   Ready    <none>   10m   v1.23.17-2+40cc20cc310518   10.6.0.110    <none>        Ubuntu 20.04.3 LTS   5.4.0-89-generic   containerd://1.5.13
------------------------------------------------------------------------------------------------------

----- mk8s-os-cluster-28 ------------------------------------------------------------------------------
NAME                                     STATUS   ROLES    AGE   VERSION                     INTERNAL-IP   EXTERNAL-IP   OS-IMAGE             KERNEL-VERSION     CONTAINER-RUNTIME
mk8s-os-cluster-28-control-plane-jgvvp   Ready    <none>   10m   v1.23.17-2+40cc20cc310518   10.6.0.174    <none>        Ubuntu 20.04.3 LTS   5.4.0-89-generic   containerd://1.5.13
------------------------------------------------------------------------------------------------------

----- mk8s-os-cluster-29 ------------------------------------------------------------------------------
NAME                                     STATUS   ROLES    AGE   VERSION                     INTERNAL-IP   EXTERNAL-IP   OS-IMAGE             KERNEL-VERSION     CONTAINER-RUNTIME
mk8s-os-cluster-29-control-plane-cqc7m   Ready    <none>   10m   v1.23.17-2+40cc20cc310518   10.6.0.216    <none>        Ubuntu 20.04.3 LTS   5.4.0-89-generic   containerd://1.5.13
------------------------------------------------------------------------------------------------------

----- mk8s-os-cluster-30 ------------------------------------------------------------------------------
NAME                                     STATUS   ROLES    AGE   VERSION                     INTERNAL-IP   EXTERNAL-IP   OS-IMAGE             KERNEL-VERSION     CONTAINER-RUNTIME
mk8s-os-cluster-30-control-plane-dpbh4   Ready    <none>   11m   v1.23.17-2+40cc20cc310518   10.6.0.5      <none>        Ubuntu 20.04.3 LTS   5.4.0-89-generic   containerd://1.5.13
------------------------------------------------------------------------------------------------------

----- mk8s-os-cluster-31 ------------------------------------------------------------------------------
NAME                                     STATUS   ROLES    AGE   VERSION                     INTERNAL-IP   EXTERNAL-IP   OS-IMAGE             KERNEL-VERSION     CONTAINER-RUNTIME
mk8s-os-cluster-31-control-plane-whxgt   Ready    <none>   11m   v1.23.17-2+40cc20cc310518   10.6.0.247    <none>        Ubuntu 20.04.3 LTS   5.4.0-89-generic   containerd://1.5.13
------------------------------------------------------------------------------------------------------

----- mk8s-os-cluster-32 ------------------------------------------------------------------------------
NAME                                     STATUS   ROLES    AGE   VERSION                     INTERNAL-IP   EXTERNAL-IP   OS-IMAGE             KERNEL-VERSION     CONTAINER-RUNTIME
mk8s-os-cluster-32-control-plane-kprt9   Ready    <none>   11m   v1.23.17-2+40cc20cc310518   10.6.0.76     <none>        Ubuntu 20.04.3 LTS   5.4.0-89-generic   containerd://1.5.13
------------------------------------------------------------------------------------------------------

----- mk8s-os-cluster-33 ------------------------------------------------------------------------------
NAME                                     STATUS   ROLES    AGE     VERSION                     INTERNAL-IP   EXTERNAL-IP   OS-IMAGE             KERNEL-VERSION     CONTAINER-RUNTIME
mk8s-os-cluster-33-control-plane-rlhpp   Ready    <none>   9m35s   v1.23.17-2+40cc20cc310518   10.6.0.197    <none>        Ubuntu 20.04.3 LTS   5.4.0-89-generic   containerd://1.5.13
------------------------------------------------------------------------------------------------------

----- mk8s-os-cluster-34 ------------------------------------------------------------------------------
NAME                                     STATUS   ROLES    AGE   VERSION                     INTERNAL-IP   EXTERNAL-IP   OS-IMAGE             KERNEL-VERSION     CONTAINER-RUNTIME
mk8s-os-cluster-34-control-plane-4q4sl   Ready    <none>   10m   v1.23.17-2+40cc20cc310518   10.6.0.38     <none>        Ubuntu 20.04.3 LTS   5.4.0-89-generic   containerd://1.5.13
------------------------------------------------------------------------------------------------------

----- mk8s-os-cluster-35 ------------------------------------------------------------------------------
NAME                                     STATUS   ROLES    AGE     VERSION                     INTERNAL-IP   EXTERNAL-IP   OS-IMAGE             KERNEL-VERSION     CONTAINER-RUNTIME
mk8s-os-cluster-35-control-plane-8vxd9   Ready    <none>   9m39s   v1.23.17-2+40cc20cc310518   10.6.0.29     <none>        Ubuntu 20.04.3 LTS   5.4.0-89-generic   containerd://1.5.13
------------------------------------------------------------------------------------------------------

----- mk8s-os-cluster-36 ------------------------------------------------------------------------------
NAME                                     STATUS   ROLES    AGE     VERSION                     INTERNAL-IP   EXTERNAL-IP   OS-IMAGE             KERNEL-VERSION     CONTAINER-RUNTIME
mk8s-os-cluster-36-control-plane-lwv94   Ready    <none>   9m37s   v1.23.17-2+40cc20cc310518   10.6.0.86     <none>        Ubuntu 20.04.3 LTS   5.4.0-89-generic   containerd://1.5.13
------------------------------------------------------------------------------------------------------

----- mk8s-os-cluster-37 ------------------------------------------------------------------------------
NAME                                     STATUS   ROLES    AGE   VERSION                     INTERNAL-IP   EXTERNAL-IP   OS-IMAGE             KERNEL-VERSION     CONTAINER-RUNTIME
mk8s-os-cluster-37-control-plane-rnhqp   Ready    <none>   11m   v1.23.17-2+40cc20cc310518   10.6.0.69     <none>        Ubuntu 20.04.3 LTS   5.4.0-89-generic   containerd://1.5.13
------------------------------------------------------------------------------------------------------

----- mk8s-os-cluster-38 ------------------------------------------------------------------------------
NAME                                     STATUS   ROLES    AGE     VERSION                     INTERNAL-IP   EXTERNAL-IP   OS-IMAGE             KERNEL-VERSION     CONTAINER-RUNTIME
mk8s-os-cluster-38-control-plane-mddqt   Ready    <none>   9m20s   v1.23.17-2+40cc20cc310518   10.6.0.191    <none>        Ubuntu 20.04.3 LTS   5.4.0-89-generic   containerd://1.5.13
------------------------------------------------------------------------------------------------------

----- mk8s-os-cluster-39 ------------------------------------------------------------------------------
NAME                                     STATUS   ROLES    AGE     VERSION                     INTERNAL-IP   EXTERNAL-IP   OS-IMAGE             KERNEL-VERSION     CONTAINER-RUNTIME
mk8s-os-cluster-39-control-plane-dbqbr   Ready    <none>   9m35s   v1.23.17-2+40cc20cc310518   10.6.0.123    <none>        Ubuntu 20.04.3 LTS   5.4.0-89-generic   containerd://1.5.13
------------------------------------------------------------------------------------------------------

----- mk8s-os-cluster-40 ------------------------------------------------------------------------------
NAME                                     STATUS   ROLES    AGE     VERSION                     INTERNAL-IP   EXTERNAL-IP   OS-IMAGE             KERNEL-VERSION     CONTAINER-RUNTIME
mk8s-os-cluster-40-control-plane-6w724   Ready    <none>   9m28s   v1.23.17-2+40cc20cc310518   10.6.0.142    <none>        Ubuntu 20.04.3 LTS   5.4.0-89-generic   containerd://1.5.13
------------------------------------------------------------------------------------------------------

----- mk8s-os-cluster-41 ------------------------------------------------------------------------------
NAME                                     STATUS   ROLES    AGE   VERSION                     INTERNAL-IP   EXTERNAL-IP   OS-IMAGE             KERNEL-VERSION     CONTAINER-RUNTIME
mk8s-os-cluster-41-control-plane-l7qqd   Ready    <none>   11m   v1.23.17-2+40cc20cc310518   10.6.0.71     <none>        Ubuntu 20.04.3 LTS   5.4.0-89-generic   containerd://1.5.13
------------------------------------------------------------------------------------------------------

----- mk8s-os-cluster-42 ------------------------------------------------------------------------------
NAME                                     STATUS   ROLES    AGE    VERSION                     INTERNAL-IP   EXTERNAL-IP   OS-IMAGE             KERNEL-VERSION     CONTAINER-RUNTIME
mk8s-os-cluster-42-control-plane-lmbx4   Ready    <none>   9m8s   v1.23.17-2+40cc20cc310518   10.6.0.151    <none>        Ubuntu 20.04.3 LTS   5.4.0-89-generic   containerd://1.5.13
------------------------------------------------------------------------------------------------------

----- mk8s-os-cluster-43 ------------------------------------------------------------------------------
NAME                                     STATUS   ROLES    AGE    VERSION                     INTERNAL-IP   EXTERNAL-IP   OS-IMAGE             KERNEL-VERSION     CONTAINER-RUNTIME
mk8s-os-cluster-43-control-plane-99swq   Ready    <none>   9m8s   v1.23.17-2+40cc20cc310518   10.6.0.65     <none>        Ubuntu 20.04.3 LTS   5.4.0-89-generic   containerd://1.5.13
------------------------------------------------------------------------------------------------------

----- mk8s-os-cluster-44 ------------------------------------------------------------------------------
NAME                                     STATUS   ROLES    AGE   VERSION                     INTERNAL-IP   EXTERNAL-IP   OS-IMAGE             KERNEL-VERSION     CONTAINER-RUNTIME
mk8s-os-cluster-44-control-plane-nmgh8   Ready    <none>   11m   v1.23.17-2+40cc20cc310518   10.6.0.203    <none>        Ubuntu 20.04.3 LTS   5.4.0-89-generic   containerd://1.5.13
------------------------------------------------------------------------------------------------------

----- mk8s-os-cluster-45 ------------------------------------------------------------------------------
NAME                                     STATUS   ROLES    AGE   VERSION                     INTERNAL-IP   EXTERNAL-IP   OS-IMAGE             KERNEL-VERSION     CONTAINER-RUNTIME
mk8s-os-cluster-45-control-plane-lr9nr   Ready    <none>   10m   v1.23.17-2+40cc20cc310518   10.6.0.171    <none>        Ubuntu 20.04.3 LTS   5.4.0-89-generic   containerd://1.5.13
------------------------------------------------------------------------------------------------------

----- mk8s-os-cluster-46 ------------------------------------------------------------------------------
NAME                                     STATUS   ROLES    AGE    VERSION                     INTERNAL-IP   EXTERNAL-IP   OS-IMAGE             KERNEL-VERSION     CONTAINER-RUNTIME
mk8s-os-cluster-46-control-plane-blzqh   Ready    <none>   9m9s   v1.23.17-2+40cc20cc310518   10.6.0.136    <none>        Ubuntu 20.04.3 LTS   5.4.0-89-generic   containerd://1.5.13
------------------------------------------------------------------------------------------------------

----- mk8s-os-cluster-47 ------------------------------------------------------------------------------
NAME                                     STATUS   ROLES    AGE   VERSION                     INTERNAL-IP   EXTERNAL-IP   OS-IMAGE             KERNEL-VERSION     CONTAINER-RUNTIME
mk8s-os-cluster-47-control-plane-dt8zn   Ready    <none>   10m   v1.23.17-2+40cc20cc310518   10.6.0.27     <none>        Ubuntu 20.04.3 LTS   5.4.0-89-generic   containerd://1.5.13
------------------------------------------------------------------------------------------------------

----- mk8s-os-cluster-48 ------------------------------------------------------------------------------
NAME                                     STATUS   ROLES    AGE   VERSION                     INTERNAL-IP   EXTERNAL-IP   OS-IMAGE             KERNEL-VERSION     CONTAINER-RUNTIME
mk8s-os-cluster-48-control-plane-wbrsm   Ready    <none>   10m   v1.23.17-2+40cc20cc310518   10.6.0.59     <none>        Ubuntu 20.04.3 LTS   5.4.0-89-generic   containerd://1.5.13
------------------------------------------------------------------------------------------------------

----- mk8s-os-cluster-49 ------------------------------------------------------------------------------
NAME                                     STATUS   ROLES    AGE   VERSION                     INTERNAL-IP   EXTERNAL-IP   OS-IMAGE             KERNEL-VERSION     CONTAINER-RUNTIME
mk8s-os-cluster-49-control-plane-c8wks   Ready    <none>   10m   v1.23.17-2+40cc20cc310518   10.6.0.191    <none>        Ubuntu 20.04.3 LTS   5.4.0-89-generic   containerd://1.5.13
------------------------------------------------------------------------------------------------------

----- mk8s-os-cluster-50 ------------------------------------------------------------------------------
NAME                                     STATUS   ROLES    AGE     VERSION                     INTERNAL-IP   EXTERNAL-IP   OS-IMAGE             KERNEL-VERSION     CONTAINER-RUNTIME
mk8s-os-cluster-50-control-plane-mgsl2   Ready    <none>   9m11s   v1.23.17-2+40cc20cc310518   10.6.0.147    <none>        Ubuntu 20.04.3 LTS   5.4.0-89-generic   containerd://1.5.13
------------------------------------------------------------------------------------------------------

----- mk8s-os-cluster-51 ------------------------------------------------------------------------------
NAME                                     STATUS   ROLES    AGE   VERSION                     INTERNAL-IP   EXTERNAL-IP   OS-IMAGE             KERNEL-VERSION     CONTAINER-RUNTIME
mk8s-os-cluster-51-control-plane-xz87z   Ready    <none>   10m   v1.23.17-2+40cc20cc310518   10.6.0.213    <none>        Ubuntu 20.04.3 LTS   5.4.0-89-generic   containerd://1.5.13
------------------------------------------------------------------------------------------------------

----- mk8s-os-cluster-52 ------------------------------------------------------------------------------
NAME                                     STATUS   ROLES    AGE   VERSION                     INTERNAL-IP   EXTERNAL-IP   OS-IMAGE             KERNEL-VERSION     CONTAINER-RUNTIME
mk8s-os-cluster-52-control-plane-k976x   Ready    <none>   10m   v1.23.17-2+40cc20cc310518   10.6.0.13     <none>        Ubuntu 20.04.3 LTS   5.4.0-89-generic   containerd://1.5.13
------------------------------------------------------------------------------------------------------

----- mk8s-os-cluster-53 ------------------------------------------------------------------------------
NAME                                     STATUS   ROLES    AGE   VERSION                     INTERNAL-IP   EXTERNAL-IP   OS-IMAGE             KERNEL-VERSION     CONTAINER-RUNTIME
mk8s-os-cluster-53-control-plane-r4jbq   Ready    <none>   10m   v1.23.17-2+40cc20cc310518   10.6.0.124    <none>        Ubuntu 20.04.3 LTS   5.4.0-89-generic   containerd://1.5.13
------------------------------------------------------------------------------------------------------

----- mk8s-os-cluster-54 ------------------------------------------------------------------------------
NAME                                     STATUS   ROLES    AGE   VERSION                     INTERNAL-IP   EXTERNAL-IP   OS-IMAGE             KERNEL-VERSION     CONTAINER-RUNTIME
mk8s-os-cluster-54-control-plane-dntqv   Ready    <none>   10m   v1.23.17-2+40cc20cc310518   10.6.0.66     <none>        Ubuntu 20.04.3 LTS   5.4.0-89-generic   containerd://1.5.13
------------------------------------------------------------------------------------------------------

----- mk8s-os-cluster-55 ------------------------------------------------------------------------------
NAME                                     STATUS   ROLES    AGE   VERSION                     INTERNAL-IP   EXTERNAL-IP   OS-IMAGE             KERNEL-VERSION     CONTAINER-RUNTIME
mk8s-os-cluster-55-control-plane-klcb4   Ready    <none>   10m   v1.23.17-2+40cc20cc310518   10.6.0.196    <none>        Ubuntu 20.04.3 LTS   5.4.0-89-generic   containerd://1.5.13
------------------------------------------------------------------------------------------------------

----- mk8s-os-cluster-56 ------------------------------------------------------------------------------
NAME                                     STATUS   ROLES    AGE   VERSION                     INTERNAL-IP   EXTERNAL-IP   OS-IMAGE             KERNEL-VERSION     CONTAINER-RUNTIME
mk8s-os-cluster-56-control-plane-l2bh6   Ready    <none>   10m   v1.23.17-2+40cc20cc310518   10.6.0.122    <none>        Ubuntu 20.04.3 LTS   5.4.0-89-generic   containerd://1.5.13
------------------------------------------------------------------------------------------------------

----- mk8s-os-cluster-57 ------------------------------------------------------------------------------
NAME                                     STATUS   ROLES    AGE    VERSION                     INTERNAL-IP   EXTERNAL-IP   OS-IMAGE             KERNEL-VERSION     CONTAINER-RUNTIME
mk8s-os-cluster-57-control-plane-zst7n   Ready    <none>   9m3s   v1.23.17-2+40cc20cc310518   10.6.0.223    <none>        Ubuntu 20.04.3 LTS   5.4.0-89-generic   containerd://1.5.13
------------------------------------------------------------------------------------------------------

----- mk8s-os-cluster-58 ------------------------------------------------------------------------------
NAME                                     STATUS   ROLES    AGE   VERSION                     INTERNAL-IP   EXTERNAL-IP   OS-IMAGE             KERNEL-VERSION     CONTAINER-RUNTIME
mk8s-os-cluster-58-control-plane-wq65h   Ready    <none>   10m   v1.23.17-2+40cc20cc310518   10.6.0.12     <none>        Ubuntu 20.04.3 LTS   5.4.0-89-generic   containerd://1.5.13
------------------------------------------------------------------------------------------------------

----- mk8s-os-cluster-59 ------------------------------------------------------------------------------
NAME                                     STATUS   ROLES    AGE   VERSION                     INTERNAL-IP   EXTERNAL-IP   OS-IMAGE             KERNEL-VERSION     CONTAINER-RUNTIME
mk8s-os-cluster-59-control-plane-dh82p   Ready    <none>   10m   v1.23.17-2+40cc20cc310518   10.6.0.123    <none>        Ubuntu 20.04.3 LTS   5.4.0-89-generic   containerd://1.5.13
------------------------------------------------------------------------------------------------------

----- mk8s-os-cluster-60 ------------------------------------------------------------------------------
NAME                                     STATUS   ROLES    AGE   VERSION                     INTERNAL-IP   EXTERNAL-IP   OS-IMAGE             KERNEL-VERSION     CONTAINER-RUNTIME
mk8s-os-cluster-60-control-plane-jr2qb   Ready    <none>   10m   v1.23.17-2+40cc20cc310518   10.6.0.144    <none>        Ubuntu 20.04.3 LTS   5.4.0-89-generic   containerd://1.5.13
------------------------------------------------------------------------------------------------------

----- mk8s-os-cluster-61 ------------------------------------------------------------------------------
NAME                                     STATUS   ROLES    AGE     VERSION                     INTERNAL-IP   EXTERNAL-IP   OS-IMAGE             KERNEL-VERSION     CONTAINER-RUNTIME
mk8s-os-cluster-61-control-plane-7dvrl   Ready    <none>   9m44s   v1.23.17-2+40cc20cc310518   10.6.0.22     <none>        Ubuntu 20.04.3 LTS   5.4.0-89-generic   containerd://1.5.13
------------------------------------------------------------------------------------------------------

----- mk8s-os-cluster-62 ------------------------------------------------------------------------------
NAME                                     STATUS   ROLES    AGE     VERSION                     INTERNAL-IP   EXTERNAL-IP   OS-IMAGE             KERNEL-VERSION     CONTAINER-RUNTIME
mk8s-os-cluster-62-control-plane-lz8db   Ready    <none>   8m48s   v1.23.17-2+40cc20cc310518   10.6.0.213    <none>        Ubuntu 20.04.3 LTS   5.4.0-89-generic   containerd://1.5.13
------------------------------------------------------------------------------------------------------

----- mk8s-os-cluster-63 ------------------------------------------------------------------------------
NAME                                     STATUS   ROLES    AGE     VERSION                     INTERNAL-IP   EXTERNAL-IP   OS-IMAGE             KERNEL-VERSION     CONTAINER-RUNTIME
mk8s-os-cluster-63-control-plane-vhl7q   Ready    <none>   8m47s   v1.23.17-2+40cc20cc310518   10.6.0.130    <none>        Ubuntu 20.04.3 LTS   5.4.0-89-generic   containerd://1.5.13
------------------------------------------------------------------------------------------------------

----- mk8s-os-cluster-64 ------------------------------------------------------------------------------
NAME                                     STATUS   ROLES    AGE     VERSION                     INTERNAL-IP   EXTERNAL-IP   OS-IMAGE             KERNEL-VERSION     CONTAINER-RUNTIME
mk8s-os-cluster-64-control-plane-4zfd4   Ready    <none>   8m48s   v1.23.17-2+40cc20cc310518   10.6.0.48     <none>        Ubuntu 20.04.3 LTS   5.4.0-89-generic   containerd://1.5.13
------------------------------------------------------------------------------------------------------

----- mk8s-os-cluster-65 ------------------------------------------------------------------------------
NAME                                     STATUS   ROLES    AGE   VERSION                     INTERNAL-IP   EXTERNAL-IP   OS-IMAGE             KERNEL-VERSION     CONTAINER-RUNTIME
mk8s-os-cluster-65-control-plane-tpr8c   Ready    <none>   10m   v1.23.17-2+40cc20cc310518   10.6.0.94     <none>        Ubuntu 20.04.3 LTS   5.4.0-89-generic   containerd://1.5.13
------------------------------------------------------------------------------------------------------

----- mk8s-os-cluster-66 ------------------------------------------------------------------------------
NAME                                     STATUS   ROLES    AGE   VERSION                     INTERNAL-IP   EXTERNAL-IP   OS-IMAGE             KERNEL-VERSION     CONTAINER-RUNTIME
mk8s-os-cluster-66-control-plane-8l5tg   Ready    <none>   10m   v1.23.17-2+40cc20cc310518   10.6.0.192    <none>        Ubuntu 20.04.3 LTS   5.4.0-89-generic   containerd://1.5.13
------------------------------------------------------------------------------------------------------

----- mk8s-os-cluster-67 ------------------------------------------------------------------------------
NAME                                     STATUS   ROLES    AGE   VERSION                     INTERNAL-IP   EXTERNAL-IP   OS-IMAGE             KERNEL-VERSION     CONTAINER-RUNTIME
mk8s-os-cluster-67-control-plane-c2fzx   Ready    <none>   10m   v1.23.17-2+40cc20cc310518   10.6.0.135    <none>        Ubuntu 20.04.3 LTS   5.4.0-89-generic   containerd://1.5.13
------------------------------------------------------------------------------------------------------

----- mk8s-os-cluster-68 ------------------------------------------------------------------------------
NAME                                     STATUS   ROLES    AGE   VERSION                     INTERNAL-IP   EXTERNAL-IP   OS-IMAGE             KERNEL-VERSION     CONTAINER-RUNTIME
mk8s-os-cluster-68-control-plane-4lskx   Ready    <none>   10m   v1.23.17-2+40cc20cc310518   10.6.0.197    <none>        Ubuntu 20.04.3 LTS   5.4.0-89-generic   containerd://1.5.13
------------------------------------------------------------------------------------------------------

----- mk8s-os-cluster-69 ------------------------------------------------------------------------------
NAME                                     STATUS   ROLES    AGE   VERSION                     INTERNAL-IP   EXTERNAL-IP   OS-IMAGE             KERNEL-VERSION     CONTAINER-RUNTIME
mk8s-os-cluster-69-control-plane-7k2ds   Ready    <none>   10m   v1.23.17-2+40cc20cc310518   10.6.0.38     <none>        Ubuntu 20.04.3 LTS   5.4.0-89-generic   containerd://1.5.13
------------------------------------------------------------------------------------------------------

----- mk8s-os-cluster-70 ------------------------------------------------------------------------------
NAME                                     STATUS   ROLES    AGE     VERSION                     INTERNAL-IP   EXTERNAL-IP   OS-IMAGE             KERNEL-VERSION     CONTAINER-RUNTIME
mk8s-os-cluster-70-control-plane-tvxqp   Ready    <none>   8m23s   v1.23.17-2+40cc20cc310518   10.6.0.92     <none>        Ubuntu 20.04.3 LTS   5.4.0-89-generic   containerd://1.5.13
------------------------------------------------------------------------------------------------------

----- mk8s-os-cluster-71 ------------------------------------------------------------------------------
NAME                                     STATUS   ROLES    AGE     VERSION                     INTERNAL-IP   EXTERNAL-IP   OS-IMAGE             KERNEL-VERSION     CONTAINER-RUNTIME
mk8s-os-cluster-71-control-plane-7lgr5   Ready    <none>   8m23s   v1.23.17-2+40cc20cc310518   10.6.0.65     <none>        Ubuntu 20.04.3 LTS   5.4.0-89-generic   containerd://1.5.13
------------------------------------------------------------------------------------------------------

----- mk8s-os-cluster-72 ------------------------------------------------------------------------------
NAME                                     STATUS   ROLES    AGE     VERSION                     INTERNAL-IP   EXTERNAL-IP   OS-IMAGE             KERNEL-VERSION     CONTAINER-RUNTIME
mk8s-os-cluster-72-control-plane-4ndvh   Ready    <none>   8m24s   v1.23.17-2+40cc20cc310518   10.6.0.209    <none>        Ubuntu 20.04.3 LTS   5.4.0-89-generic   containerd://1.5.13
------------------------------------------------------------------------------------------------------

----- mk8s-os-cluster-73 ------------------------------------------------------------------------------
NAME                                     STATUS   ROLES    AGE   VERSION                     INTERNAL-IP   EXTERNAL-IP   OS-IMAGE             KERNEL-VERSION     CONTAINER-RUNTIME
mk8s-os-cluster-73-control-plane-q9vfm   Ready    <none>   10m   v1.23.17-2+40cc20cc310518   10.6.0.188    <none>        Ubuntu 20.04.3 LTS   5.4.0-89-generic   containerd://1.5.13
------------------------------------------------------------------------------------------------------

----- mk8s-os-cluster-74 ------------------------------------------------------------------------------
NAME                                     STATUS   ROLES    AGE     VERSION                     INTERNAL-IP   EXTERNAL-IP   OS-IMAGE             KERNEL-VERSION     CONTAINER-RUNTIME
mk8s-os-cluster-74-control-plane-9274p   Ready    <none>   8m23s   v1.23.17-2+40cc20cc310518   10.6.0.159    <none>        Ubuntu 20.04.3 LTS   5.4.0-89-generic   containerd://1.5.13
------------------------------------------------------------------------------------------------------

----- mk8s-os-cluster-75 ------------------------------------------------------------------------------
NAME                                     STATUS   ROLES    AGE   VERSION                     INTERNAL-IP   EXTERNAL-IP   OS-IMAGE             KERNEL-VERSION     CONTAINER-RUNTIME
mk8s-os-cluster-75-control-plane-25qfj   Ready    <none>   10m   v1.23.17-2+40cc20cc310518   10.6.0.212    <none>        Ubuntu 20.04.3 LTS   5.4.0-89-generic   containerd://1.5.13
------------------------------------------------------------------------------------------------------

----- mk8s-os-cluster-76 ------------------------------------------------------------------------------
NAME                                     STATUS   ROLES    AGE   VERSION                     INTERNAL-IP   EXTERNAL-IP   OS-IMAGE             KERNEL-VERSION     CONTAINER-RUNTIME
mk8s-os-cluster-76-control-plane-878rg   Ready    <none>   10m   v1.23.17-2+40cc20cc310518   10.6.0.111    <none>        Ubuntu 20.04.3 LTS   5.4.0-89-generic   containerd://1.5.13
------------------------------------------------------------------------------------------------------

----- mk8s-os-cluster-77 ------------------------------------------------------------------------------
NAME                                     STATUS   ROLES    AGE     VERSION                     INTERNAL-IP   EXTERNAL-IP   OS-IMAGE             KERNEL-VERSION     CONTAINER-RUNTIME
mk8s-os-cluster-77-control-plane-mnrxr   Ready    <none>   8m40s   v1.23.17-2+40cc20cc310518   10.6.0.114    <none>        Ubuntu 20.04.3 LTS   5.4.0-89-generic   containerd://1.5.13
------------------------------------------------------------------------------------------------------

----- mk8s-os-cluster-78 ------------------------------------------------------------------------------
NAME                                     STATUS   ROLES    AGE     VERSION                     INTERNAL-IP   EXTERNAL-IP   OS-IMAGE             KERNEL-VERSION     CONTAINER-RUNTIME
mk8s-os-cluster-78-control-plane-twvkr   Ready    <none>   8m24s   v1.23.17-2+40cc20cc310518   10.6.0.221    <none>        Ubuntu 20.04.3 LTS   5.4.0-89-generic   containerd://1.5.13
------------------------------------------------------------------------------------------------------

----- mk8s-os-cluster-79 ------------------------------------------------------------------------------
NAME                                     STATUS   ROLES    AGE     VERSION                     INTERNAL-IP   EXTERNAL-IP   OS-IMAGE             KERNEL-VERSION     CONTAINER-RUNTIME
mk8s-os-cluster-79-control-plane-96nd6   Ready    <none>   9m56s   v1.23.17-2+40cc20cc310518   10.6.0.52     <none>        Ubuntu 20.04.3 LTS   5.4.0-89-generic   containerd://1.5.13
------------------------------------------------------------------------------------------------------

----- mk8s-os-cluster-80 ------------------------------------------------------------------------------
NAME                                     STATUS   ROLES    AGE   VERSION                     INTERNAL-IP   EXTERNAL-IP   OS-IMAGE             KERNEL-VERSION     CONTAINER-RUNTIME
mk8s-os-cluster-80-control-plane-6krvj   Ready    <none>   10m   v1.23.17-2+40cc20cc310518   10.6.0.113    <none>        Ubuntu 20.04.3 LTS   5.4.0-89-generic   containerd://1.5.13
------------------------------------------------------------------------------------------------------

----- mk8s-os-cluster-81 ------------------------------------------------------------------------------
NAME                                     STATUS   ROLES    AGE     VERSION                     INTERNAL-IP   EXTERNAL-IP   OS-IMAGE             KERNEL-VERSION     CONTAINER-RUNTIME
mk8s-os-cluster-81-control-plane-hkkgx   Ready    <none>   9m52s   v1.23.17-2+40cc20cc310518   10.6.0.201    <none>        Ubuntu 20.04.3 LTS   5.4.0-89-generic   containerd://1.5.13
------------------------------------------------------------------------------------------------------

----- mk8s-os-cluster-82 ------------------------------------------------------------------------------
NAME                                     STATUS   ROLES    AGE     VERSION                     INTERNAL-IP   EXTERNAL-IP   OS-IMAGE             KERNEL-VERSION     CONTAINER-RUNTIME
mk8s-os-cluster-82-control-plane-sz9dg   Ready    <none>   9m53s   v1.23.17-2+40cc20cc310518   10.6.0.252    <none>        Ubuntu 20.04.3 LTS   5.4.0-89-generic   containerd://1.5.13
------------------------------------------------------------------------------------------------------

----- mk8s-os-cluster-83 ------------------------------------------------------------------------------
NAME                                     STATUS   ROLES    AGE     VERSION                     INTERNAL-IP   EXTERNAL-IP   OS-IMAGE             KERNEL-VERSION     CONTAINER-RUNTIME
mk8s-os-cluster-83-control-plane-zmkdv   Ready    <none>   9m55s   v1.23.17-2+40cc20cc310518   10.6.0.122    <none>        Ubuntu 20.04.3 LTS   5.4.0-89-generic   containerd://1.5.13
------------------------------------------------------------------------------------------------------

----- mk8s-os-cluster-84 ------------------------------------------------------------------------------
NAME                                     STATUS   ROLES    AGE     VERSION                     INTERNAL-IP   EXTERNAL-IP   OS-IMAGE             KERNEL-VERSION     CONTAINER-RUNTIME
mk8s-os-cluster-84-control-plane-btbw7   Ready    <none>   9m51s   v1.23.17-2+40cc20cc310518   10.6.0.229    <none>        Ubuntu 20.04.3 LTS   5.4.0-89-generic   containerd://1.5.13
------------------------------------------------------------------------------------------------------

----- mk8s-os-cluster-85 ------------------------------------------------------------------------------
NAME                                     STATUS   ROLES    AGE     VERSION                     INTERNAL-IP   EXTERNAL-IP   OS-IMAGE             KERNEL-VERSION     CONTAINER-RUNTIME
mk8s-os-cluster-85-control-plane-7b654   Ready    <none>   9m45s   v1.23.17-2+40cc20cc310518   10.6.0.120    <none>        Ubuntu 20.04.3 LTS   5.4.0-89-generic   containerd://1.5.13
------------------------------------------------------------------------------------------------------

----- mk8s-os-cluster-86 ------------------------------------------------------------------------------
NAME                                     STATUS   ROLES    AGE     VERSION                     INTERNAL-IP   EXTERNAL-IP   OS-IMAGE             KERNEL-VERSION     CONTAINER-RUNTIME
mk8s-os-cluster-86-control-plane-8dzwd   Ready    <none>   9m46s   v1.23.17-2+40cc20cc310518   10.6.0.244    <none>        Ubuntu 20.04.3 LTS   5.4.0-89-generic   containerd://1.5.13
------------------------------------------------------------------------------------------------------

----- mk8s-os-cluster-87 ------------------------------------------------------------------------------
NAME                                     STATUS   ROLES    AGE     VERSION                     INTERNAL-IP   EXTERNAL-IP   OS-IMAGE             KERNEL-VERSION     CONTAINER-RUNTIME
mk8s-os-cluster-87-control-plane-bdpwf   Ready    <none>   9m46s   v1.23.17-2+40cc20cc310518   10.6.0.131    <none>        Ubuntu 20.04.3 LTS   5.4.0-89-generic   containerd://1.5.13
------------------------------------------------------------------------------------------------------

----- mk8s-os-cluster-88 ------------------------------------------------------------------------------
NAME                                     STATUS   ROLES    AGE     VERSION                     INTERNAL-IP   EXTERNAL-IP   OS-IMAGE             KERNEL-VERSION     CONTAINER-RUNTIME
mk8s-os-cluster-88-control-plane-lhsq6   Ready    <none>   9m42s   v1.23.17-2+40cc20cc310518   10.6.0.145    <none>        Ubuntu 20.04.3 LTS   5.4.0-89-generic   containerd://1.5.13
------------------------------------------------------------------------------------------------------

----- mk8s-os-cluster-89 ------------------------------------------------------------------------------
NAME                                     STATUS   ROLES    AGE     VERSION                     INTERNAL-IP   EXTERNAL-IP   OS-IMAGE             KERNEL-VERSION     CONTAINER-RUNTIME
mk8s-os-cluster-89-control-plane-wf69s   Ready    <none>   8m13s   v1.23.17-2+40cc20cc310518   10.6.0.165    <none>        Ubuntu 20.04.3 LTS   5.4.0-89-generic   containerd://1.5.13
------------------------------------------------------------------------------------------------------

----- mk8s-os-cluster-90 ------------------------------------------------------------------------------
NAME                                     STATUS   ROLES    AGE     VERSION                     INTERNAL-IP   EXTERNAL-IP   OS-IMAGE             KERNEL-VERSION     CONTAINER-RUNTIME
mk8s-os-cluster-90-control-plane-xc4jd   Ready    <none>   9m38s   v1.23.17-2+40cc20cc310518   10.6.0.248    <none>        Ubuntu 20.04.3 LTS   5.4.0-89-generic   containerd://1.5.13
------------------------------------------------------------------------------------------------------

----- mk8s-os-cluster-91 ------------------------------------------------------------------------------
NAME                                     STATUS   ROLES    AGE    VERSION                     INTERNAL-IP   EXTERNAL-IP   OS-IMAGE             KERNEL-VERSION     CONTAINER-RUNTIME
mk8s-os-cluster-91-control-plane-mxvxf   Ready    <none>   8m3s   v1.23.17-2+40cc20cc310518   10.6.0.19     <none>        Ubuntu 20.04.3 LTS   5.4.0-89-generic   containerd://1.5.13
------------------------------------------------------------------------------------------------------

----- mk8s-os-cluster-92 ------------------------------------------------------------------------------
NAME                                     STATUS   ROLES    AGE     VERSION                     INTERNAL-IP   EXTERNAL-IP   OS-IMAGE             KERNEL-VERSION     CONTAINER-RUNTIME
mk8s-os-cluster-92-control-plane-9j5dm   Ready    <none>   9m40s   v1.23.17-2+40cc20cc310518   10.6.0.70     <none>        Ubuntu 20.04.3 LTS   5.4.0-89-generic   containerd://1.5.13
------------------------------------------------------------------------------------------------------

----- mk8s-os-cluster-93 ------------------------------------------------------------------------------
NAME                                     STATUS   ROLES    AGE     VERSION                     INTERNAL-IP   EXTERNAL-IP   OS-IMAGE             KERNEL-VERSION     CONTAINER-RUNTIME
mk8s-os-cluster-93-control-plane-brmk4   Ready    <none>   7m57s   v1.23.17-2+40cc20cc310518   10.6.0.13     <none>        Ubuntu 20.04.3 LTS   5.4.0-89-generic   containerd://1.5.13
------------------------------------------------------------------------------------------------------

----- mk8s-os-cluster-94 ------------------------------------------------------------------------------
NAME                                     STATUS   ROLES    AGE    VERSION                     INTERNAL-IP   EXTERNAL-IP   OS-IMAGE             KERNEL-VERSION     CONTAINER-RUNTIME
mk8s-os-cluster-94-control-plane-bxwjk   Ready    <none>   8m1s   v1.23.17-2+40cc20cc310518   10.6.0.236    <none>        Ubuntu 20.04.3 LTS   5.4.0-89-generic   containerd://1.5.13
------------------------------------------------------------------------------------------------------

----- mk8s-os-cluster-95 ------------------------------------------------------------------------------
NAME                                     STATUS   ROLES    AGE   VERSION                     INTERNAL-IP   EXTERNAL-IP   OS-IMAGE             KERNEL-VERSION     CONTAINER-RUNTIME
mk8s-os-cluster-95-control-plane-7qxdr   Ready    <none>   8m    v1.23.17-2+40cc20cc310518   10.6.0.68     <none>        Ubuntu 20.04.3 LTS   5.4.0-89-generic   containerd://1.5.13
------------------------------------------------------------------------------------------------------

----- mk8s-os-cluster-96 ------------------------------------------------------------------------------
NAME                                     STATUS   ROLES    AGE   VERSION                     INTERNAL-IP   EXTERNAL-IP   OS-IMAGE             KERNEL-VERSION     CONTAINER-RUNTIME
mk8s-os-cluster-96-control-plane-7m8v2   Ready    <none>   8m    v1.23.17-2+40cc20cc310518   10.6.0.41     <none>        Ubuntu 20.04.3 LTS   5.4.0-89-generic   containerd://1.5.13
------------------------------------------------------------------------------------------------------

----- mk8s-os-cluster-97 ------------------------------------------------------------------------------
NAME                                     STATUS   ROLES    AGE   VERSION                     INTERNAL-IP   EXTERNAL-IP   OS-IMAGE             KERNEL-VERSION     CONTAINER-RUNTIME
mk8s-os-cluster-97-control-plane-2xft8   Ready    <none>   8m    v1.23.17-2+40cc20cc310518   10.6.0.15     <none>        Ubuntu 20.04.3 LTS   5.4.0-89-generic   containerd://1.5.13
------------------------------------------------------------------------------------------------------

----- mk8s-os-cluster-98 ------------------------------------------------------------------------------
NAME                                     STATUS   ROLES    AGE     VERSION                     INTERNAL-IP   EXTERNAL-IP   OS-IMAGE             KERNEL-VERSION     CONTAINER-RUNTIME
mk8s-os-cluster-98-control-plane-276x7   Ready    <none>   9m27s   v1.23.17-2+40cc20cc310518   10.6.0.89     <none>        Ubuntu 20.04.3 LTS   5.4.0-89-generic   containerd://1.5.13
------------------------------------------------------------------------------------------------------

----- mk8s-os-cluster-99 ------------------------------------------------------------------------------
NAME                                     STATUS   ROLES    AGE     VERSION                     INTERNAL-IP   EXTERNAL-IP   OS-IMAGE             KERNEL-VERSION     CONTAINER-RUNTIME
mk8s-os-cluster-99-control-plane-zg4kg   Ready    <none>   9m32s   v1.23.17-2+40cc20cc310518   10.6.0.188    <none>        Ubuntu 20.04.3 LTS   5.4.0-89-generic   containerd://1.5.13
------------------------------------------------------------------------------------------------------

----- mk8s-os-cluster-100 ------------------------------------------------------------------------------
NAME                                      STATUS   ROLES    AGE     VERSION                     INTERNAL-IP   EXTERNAL-IP   OS-IMAGE             KERNEL-VERSION     CONTAINER-RUNTIME
mk8s-os-cluster-100-control-plane-qbpdz   Ready    <none>   7m45s   v1.23.17-2+40cc20cc310518   10.6.0.244    <none>        Ubuntu 20.04.3 LTS   5.4.0-89-generic   containerd://1.5.13
------------------------------------------------------------------------------------------------------

