Total_cluster: 100
Total_instance: 100
Current_instance: 
    control_plane: 100
    worker_node: 0
Start_Time: 2023년 05월 31일 수요일 (17시 05분 56초)
End_Time: 2023년 05월 31일 수요일 (17시 17분 46초)
Status: Ready

----- mk8s-os-cluster-1 ------------------------------------------------------------------------------
NAME                                    STATUS   ROLES    AGE   VERSION                     INTERNAL-IP   EXTERNAL-IP   OS-IMAGE             KERNEL-VERSION     CONTAINER-RUNTIME
mk8s-os-cluster-1-control-plane-n6c9v   Ready    <none>   10m   v1.23.17-2+40cc20cc310518   10.6.0.62     <none>        Ubuntu 20.04.3 LTS   5.4.0-89-generic   containerd://1.5.13
------------------------------------------------------------------------------------------------------

----- mk8s-os-cluster-2 ------------------------------------------------------------------------------
NAME                                    STATUS   ROLES    AGE    VERSION                     INTERNAL-IP   EXTERNAL-IP   OS-IMAGE             KERNEL-VERSION     CONTAINER-RUNTIME
mk8s-os-cluster-2-control-plane-mcssz   Ready    <none>   9m4s   v1.23.17-2+40cc20cc310518   10.6.0.243    <none>        Ubuntu 20.04.3 LTS   5.4.0-89-generic   containerd://1.5.13
------------------------------------------------------------------------------------------------------

----- mk8s-os-cluster-3 ------------------------------------------------------------------------------
NAME                                    STATUS   ROLES    AGE     VERSION                     INTERNAL-IP   EXTERNAL-IP   OS-IMAGE             KERNEL-VERSION     CONTAINER-RUNTIME
mk8s-os-cluster-3-control-plane-zf6dv   Ready    <none>   8m58s   v1.23.17-2+40cc20cc310518   10.6.0.241    <none>        Ubuntu 20.04.3 LTS   5.4.0-89-generic   containerd://1.5.13
------------------------------------------------------------------------------------------------------

----- mk8s-os-cluster-4 ------------------------------------------------------------------------------
NAME                                    STATUS   ROLES    AGE   VERSION                     INTERNAL-IP   EXTERNAL-IP   OS-IMAGE             KERNEL-VERSION     CONTAINER-RUNTIME
mk8s-os-cluster-4-control-plane-7rt9f   Ready    <none>   10m   v1.23.17-2+40cc20cc310518   10.6.0.145    <none>        Ubuntu 20.04.3 LTS   5.4.0-89-generic   containerd://1.5.13
------------------------------------------------------------------------------------------------------

----- mk8s-os-cluster-5 ------------------------------------------------------------------------------
NAME                                    STATUS   ROLES    AGE   VERSION                     INTERNAL-IP   EXTERNAL-IP   OS-IMAGE             KERNEL-VERSION     CONTAINER-RUNTIME
mk8s-os-cluster-5-control-plane-949mz   Ready    <none>   10m   v1.23.17-2+40cc20cc310518   10.6.0.34     <none>        Ubuntu 20.04.3 LTS   5.4.0-89-generic   containerd://1.5.13
------------------------------------------------------------------------------------------------------

----- mk8s-os-cluster-6 ------------------------------------------------------------------------------
NAME                                    STATUS   ROLES    AGE   VERSION                     INTERNAL-IP   EXTERNAL-IP   OS-IMAGE             KERNEL-VERSION     CONTAINER-RUNTIME
mk8s-os-cluster-6-control-plane-cl5z2   Ready    <none>   10m   v1.23.17-2+40cc20cc310518   10.6.0.203    <none>        Ubuntu 20.04.3 LTS   5.4.0-89-generic   containerd://1.5.13
------------------------------------------------------------------------------------------------------

----- mk8s-os-cluster-7 ------------------------------------------------------------------------------
NAME                                    STATUS   ROLES    AGE   VERSION                     INTERNAL-IP   EXTERNAL-IP   OS-IMAGE             KERNEL-VERSION     CONTAINER-RUNTIME
mk8s-os-cluster-7-control-plane-wwhp4   Ready    <none>   10m   v1.23.17-2+40cc20cc310518   10.6.0.254    <none>        Ubuntu 20.04.3 LTS   5.4.0-89-generic   containerd://1.5.13
------------------------------------------------------------------------------------------------------

----- mk8s-os-cluster-8 ------------------------------------------------------------------------------
NAME                                    STATUS   ROLES    AGE   VERSION                     INTERNAL-IP   EXTERNAL-IP   OS-IMAGE             KERNEL-VERSION     CONTAINER-RUNTIME
mk8s-os-cluster-8-control-plane-6vhtn   Ready    <none>   10m   v1.23.17-2+40cc20cc310518   10.6.0.33     <none>        Ubuntu 20.04.3 LTS   5.4.0-89-generic   containerd://1.5.13
------------------------------------------------------------------------------------------------------

----- mk8s-os-cluster-9 ------------------------------------------------------------------------------
NAME                                    STATUS   ROLES    AGE     VERSION                     INTERNAL-IP   EXTERNAL-IP   OS-IMAGE             KERNEL-VERSION     CONTAINER-RUNTIME
mk8s-os-cluster-9-control-plane-rft9b   Ready    <none>   8m53s   v1.23.17-2+40cc20cc310518   10.6.0.147    <none>        Ubuntu 20.04.3 LTS   5.4.0-89-generic   containerd://1.5.13
------------------------------------------------------------------------------------------------------

----- mk8s-os-cluster-10 ------------------------------------------------------------------------------
NAME                                     STATUS   ROLES    AGE   VERSION                     INTERNAL-IP   EXTERNAL-IP   OS-IMAGE             KERNEL-VERSION     CONTAINER-RUNTIME
mk8s-os-cluster-10-control-plane-l5g86   Ready    <none>   10m   v1.23.17-2+40cc20cc310518   10.6.0.78     <none>        Ubuntu 20.04.3 LTS   5.4.0-89-generic   containerd://1.5.13
------------------------------------------------------------------------------------------------------

----- mk8s-os-cluster-11 ------------------------------------------------------------------------------
NAME                                     STATUS   ROLES    AGE     VERSION                     INTERNAL-IP   EXTERNAL-IP   OS-IMAGE             KERNEL-VERSION     CONTAINER-RUNTIME
mk8s-os-cluster-11-control-plane-5gvqc   Ready    <none>   8m40s   v1.23.17-2+40cc20cc310518   10.6.0.50     <none>        Ubuntu 20.04.3 LTS   5.4.0-89-generic   containerd://1.5.13
------------------------------------------------------------------------------------------------------

----- mk8s-os-cluster-12 ------------------------------------------------------------------------------
NAME                                     STATUS   ROLES    AGE     VERSION                     INTERNAL-IP   EXTERNAL-IP   OS-IMAGE             KERNEL-VERSION     CONTAINER-RUNTIME
mk8s-os-cluster-12-control-plane-f9c4s   Ready    <none>   8m35s   v1.23.17-2+40cc20cc310518   10.6.0.8      <none>        Ubuntu 20.04.3 LTS   5.4.0-89-generic   containerd://1.5.13
------------------------------------------------------------------------------------------------------

----- mk8s-os-cluster-13 ------------------------------------------------------------------------------
NAME                                     STATUS   ROLES    AGE     VERSION                     INTERNAL-IP   EXTERNAL-IP   OS-IMAGE             KERNEL-VERSION     CONTAINER-RUNTIME
mk8s-os-cluster-13-control-plane-plp2j   Ready    <none>   8m52s   v1.23.17-2+40cc20cc310518   10.6.0.80     <none>        Ubuntu 20.04.3 LTS   5.4.0-89-generic   containerd://1.5.13
------------------------------------------------------------------------------------------------------

----- mk8s-os-cluster-14 ------------------------------------------------------------------------------
NAME                                     STATUS   ROLES    AGE   VERSION                     INTERNAL-IP   EXTERNAL-IP   OS-IMAGE             KERNEL-VERSION     CONTAINER-RUNTIME
mk8s-os-cluster-14-control-plane-j7m5m   Ready    <none>   10m   v1.23.17-2+40cc20cc310518   10.6.0.184    <none>        Ubuntu 20.04.3 LTS   5.4.0-89-generic   containerd://1.5.13
------------------------------------------------------------------------------------------------------

----- mk8s-os-cluster-15 ------------------------------------------------------------------------------
NAME                                     STATUS   ROLES    AGE     VERSION                     INTERNAL-IP   EXTERNAL-IP   OS-IMAGE             KERNEL-VERSION     CONTAINER-RUNTIME
mk8s-os-cluster-15-control-plane-6w9lg   Ready    <none>   8m44s   v1.23.17-2+40cc20cc310518   10.6.0.201    <none>        Ubuntu 20.04.3 LTS   5.4.0-89-generic   containerd://1.5.13
------------------------------------------------------------------------------------------------------

----- mk8s-os-cluster-16 ------------------------------------------------------------------------------
NAME                                     STATUS   ROLES    AGE   VERSION                     INTERNAL-IP   EXTERNAL-IP   OS-IMAGE             KERNEL-VERSION     CONTAINER-RUNTIME
mk8s-os-cluster-16-control-plane-4dkcb   Ready    <none>   10m   v1.23.17-2+40cc20cc310518   10.6.0.95     <none>        Ubuntu 20.04.3 LTS   5.4.0-89-generic   containerd://1.5.13
------------------------------------------------------------------------------------------------------

----- mk8s-os-cluster-17 ------------------------------------------------------------------------------
NAME                                     STATUS   ROLES    AGE   VERSION                     INTERNAL-IP   EXTERNAL-IP   OS-IMAGE             KERNEL-VERSION     CONTAINER-RUNTIME
mk8s-os-cluster-17-control-plane-n4w42   Ready    <none>   10m   v1.23.17-2+40cc20cc310518   10.6.0.228    <none>        Ubuntu 20.04.3 LTS   5.4.0-89-generic   containerd://1.5.13
------------------------------------------------------------------------------------------------------

----- mk8s-os-cluster-18 ------------------------------------------------------------------------------
NAME                                     STATUS   ROLES    AGE   VERSION                     INTERNAL-IP   EXTERNAL-IP   OS-IMAGE             KERNEL-VERSION     CONTAINER-RUNTIME
mk8s-os-cluster-18-control-plane-dxj7b   Ready    <none>   10m   v1.23.17-2+40cc20cc310518   10.6.0.92     <none>        Ubuntu 20.04.3 LTS   5.4.0-89-generic   containerd://1.5.13
------------------------------------------------------------------------------------------------------

----- mk8s-os-cluster-19 ------------------------------------------------------------------------------
NAME                                     STATUS   ROLES    AGE     VERSION                     INTERNAL-IP   EXTERNAL-IP   OS-IMAGE             KERNEL-VERSION     CONTAINER-RUNTIME
mk8s-os-cluster-19-control-plane-zv92f   Ready    <none>   8m41s   v1.23.17-2+40cc20cc310518   10.6.0.87     <none>        Ubuntu 20.04.3 LTS   5.4.0-89-generic   containerd://1.5.13
------------------------------------------------------------------------------------------------------

----- mk8s-os-cluster-20 ------------------------------------------------------------------------------
NAME                                     STATUS   ROLES    AGE   VERSION                     INTERNAL-IP   EXTERNAL-IP   OS-IMAGE             KERNEL-VERSION     CONTAINER-RUNTIME
mk8s-os-cluster-20-control-plane-vg7cz   Ready    <none>   10m   v1.23.17-2+40cc20cc310518   10.6.0.163    <none>        Ubuntu 20.04.3 LTS   5.4.0-89-generic   containerd://1.5.13
------------------------------------------------------------------------------------------------------

----- mk8s-os-cluster-21 ------------------------------------------------------------------------------
NAME                                     STATUS   ROLES    AGE     VERSION                     INTERNAL-IP   EXTERNAL-IP   OS-IMAGE             KERNEL-VERSION     CONTAINER-RUNTIME
mk8s-os-cluster-21-control-plane-4wmfn   Ready    <none>   8m31s   v1.23.17-2+40cc20cc310518   10.6.0.52     <none>        Ubuntu 20.04.3 LTS   5.4.0-89-generic   containerd://1.5.13
------------------------------------------------------------------------------------------------------

----- mk8s-os-cluster-22 ------------------------------------------------------------------------------
NAME                                     STATUS   ROLES    AGE   VERSION                     INTERNAL-IP   EXTERNAL-IP   OS-IMAGE             KERNEL-VERSION     CONTAINER-RUNTIME
mk8s-os-cluster-22-control-plane-qzhfd   Ready    <none>   10m   v1.23.17-2+40cc20cc310518   10.6.0.219    <none>        Ubuntu 20.04.3 LTS   5.4.0-89-generic   containerd://1.5.13
------------------------------------------------------------------------------------------------------

----- mk8s-os-cluster-23 ------------------------------------------------------------------------------
NAME                                     STATUS   ROLES    AGE    VERSION                     INTERNAL-IP   EXTERNAL-IP   OS-IMAGE             KERNEL-VERSION     CONTAINER-RUNTIME
mk8s-os-cluster-23-control-plane-gxfhx   Ready    <none>   8m5s   v1.23.17-2+40cc20cc310518   10.6.0.174    <none>        Ubuntu 20.04.3 LTS   5.4.0-89-generic   containerd://1.5.13
------------------------------------------------------------------------------------------------------

----- mk8s-os-cluster-24 ------------------------------------------------------------------------------
NAME                                     STATUS   ROLES    AGE     VERSION                     INTERNAL-IP   EXTERNAL-IP   OS-IMAGE             KERNEL-VERSION     CONTAINER-RUNTIME
mk8s-os-cluster-24-control-plane-cwqwv   Ready    <none>   9m50s   v1.23.17-2+40cc20cc310518   10.6.0.64     <none>        Ubuntu 20.04.3 LTS   5.4.0-89-generic   containerd://1.5.13
------------------------------------------------------------------------------------------------------

----- mk8s-os-cluster-25 ------------------------------------------------------------------------------
NAME                                     STATUS   ROLES    AGE   VERSION                     INTERNAL-IP   EXTERNAL-IP   OS-IMAGE             KERNEL-VERSION     CONTAINER-RUNTIME
mk8s-os-cluster-25-control-plane-cgs9l   Ready    <none>   10m   v1.23.17-2+40cc20cc310518   10.6.0.29     <none>        Ubuntu 20.04.3 LTS   5.4.0-89-generic   containerd://1.5.13
------------------------------------------------------------------------------------------------------

----- mk8s-os-cluster-26 ------------------------------------------------------------------------------
NAME                                     STATUS   ROLES    AGE     VERSION                     INTERNAL-IP   EXTERNAL-IP   OS-IMAGE             KERNEL-VERSION     CONTAINER-RUNTIME
mk8s-os-cluster-26-control-plane-stkrn   Ready    <none>   9m36s   v1.23.17-2+40cc20cc310518   10.6.0.31     <none>        Ubuntu 20.04.3 LTS   5.4.0-89-generic   containerd://1.5.13
------------------------------------------------------------------------------------------------------

----- mk8s-os-cluster-27 ------------------------------------------------------------------------------
NAME                                     STATUS   ROLES    AGE     VERSION                     INTERNAL-IP   EXTERNAL-IP   OS-IMAGE             KERNEL-VERSION     CONTAINER-RUNTIME
mk8s-os-cluster-27-control-plane-xjxks   Ready    <none>   7m36s   v1.23.17-2+40cc20cc310518   10.6.0.166    <none>        Ubuntu 20.04.3 LTS   5.4.0-89-generic   containerd://1.5.13
------------------------------------------------------------------------------------------------------

----- mk8s-os-cluster-28 ------------------------------------------------------------------------------
NAME                                     STATUS   ROLES    AGE     VERSION                     INTERNAL-IP   EXTERNAL-IP   OS-IMAGE             KERNEL-VERSION     CONTAINER-RUNTIME
mk8s-os-cluster-28-control-plane-sx7dt   Ready    <none>   8m21s   v1.23.17-2+40cc20cc310518   10.6.0.141    <none>        Ubuntu 20.04.3 LTS   5.4.0-89-generic   containerd://1.5.13
------------------------------------------------------------------------------------------------------

----- mk8s-os-cluster-29 ------------------------------------------------------------------------------
NAME                                     STATUS   ROLES    AGE     VERSION                     INTERNAL-IP   EXTERNAL-IP   OS-IMAGE             KERNEL-VERSION     CONTAINER-RUNTIME
mk8s-os-cluster-29-control-plane-hl8ch   Ready    <none>   9m45s   v1.23.17-2+40cc20cc310518   10.6.0.184    <none>        Ubuntu 20.04.3 LTS   5.4.0-89-generic   containerd://1.5.13
------------------------------------------------------------------------------------------------------

----- mk8s-os-cluster-30 ------------------------------------------------------------------------------
NAME                                     STATUS   ROLES    AGE     VERSION                     INTERNAL-IP   EXTERNAL-IP   OS-IMAGE             KERNEL-VERSION     CONTAINER-RUNTIME
mk8s-os-cluster-30-control-plane-9gnvr   Ready    <none>   9m41s   v1.23.17-2+40cc20cc310518   10.6.0.186    <none>        Ubuntu 20.04.3 LTS   5.4.0-89-generic   containerd://1.5.13
------------------------------------------------------------------------------------------------------

----- mk8s-os-cluster-31 ------------------------------------------------------------------------------
NAME                                     STATUS   ROLES    AGE     VERSION                     INTERNAL-IP   EXTERNAL-IP   OS-IMAGE             KERNEL-VERSION     CONTAINER-RUNTIME
mk8s-os-cluster-31-control-plane-t5jf7   Ready    <none>   9m31s   v1.23.17-2+40cc20cc310518   10.6.0.110    <none>        Ubuntu 20.04.3 LTS   5.4.0-89-generic   containerd://1.5.13
------------------------------------------------------------------------------------------------------

----- mk8s-os-cluster-32 ------------------------------------------------------------------------------
NAME                                     STATUS   ROLES    AGE     VERSION                     INTERNAL-IP   EXTERNAL-IP   OS-IMAGE             KERNEL-VERSION     CONTAINER-RUNTIME
mk8s-os-cluster-32-control-plane-jn987   Ready    <none>   7m54s   v1.23.17-2+40cc20cc310518   10.6.0.216    <none>        Ubuntu 20.04.3 LTS   5.4.0-89-generic   containerd://1.5.13
------------------------------------------------------------------------------------------------------

----- mk8s-os-cluster-33 ------------------------------------------------------------------------------
NAME                                     STATUS   ROLES    AGE     VERSION                     INTERNAL-IP   EXTERNAL-IP   OS-IMAGE             KERNEL-VERSION     CONTAINER-RUNTIME
mk8s-os-cluster-33-control-plane-8rwpn   Ready    <none>   7m54s   v1.23.17-2+40cc20cc310518   10.6.0.205    <none>        Ubuntu 20.04.3 LTS   5.4.0-89-generic   containerd://1.5.13
------------------------------------------------------------------------------------------------------

----- mk8s-os-cluster-34 ------------------------------------------------------------------------------
NAME                                     STATUS   ROLES    AGE     VERSION                     INTERNAL-IP   EXTERNAL-IP   OS-IMAGE             KERNEL-VERSION     CONTAINER-RUNTIME
mk8s-os-cluster-34-control-plane-69j6s   Ready    <none>   9m21s   v1.23.17-2+40cc20cc310518   10.6.0.217    <none>        Ubuntu 20.04.3 LTS   5.4.0-89-generic   containerd://1.5.13
------------------------------------------------------------------------------------------------------

----- mk8s-os-cluster-35 ------------------------------------------------------------------------------
NAME                                     STATUS   ROLES    AGE     VERSION                     INTERNAL-IP   EXTERNAL-IP   OS-IMAGE             KERNEL-VERSION     CONTAINER-RUNTIME
mk8s-os-cluster-35-control-plane-gnhjq   Ready    <none>   7m49s   v1.23.17-2+40cc20cc310518   10.6.0.12     <none>        Ubuntu 20.04.3 LTS   5.4.0-89-generic   containerd://1.5.13
------------------------------------------------------------------------------------------------------

----- mk8s-os-cluster-36 ------------------------------------------------------------------------------
NAME                                     STATUS   ROLES    AGE     VERSION                     INTERNAL-IP   EXTERNAL-IP   OS-IMAGE             KERNEL-VERSION     CONTAINER-RUNTIME
mk8s-os-cluster-36-control-plane-kwzgn   Ready    <none>   9m14s   v1.23.17-2+40cc20cc310518   10.6.0.200    <none>        Ubuntu 20.04.3 LTS   5.4.0-89-generic   containerd://1.5.13
------------------------------------------------------------------------------------------------------

----- mk8s-os-cluster-37 ------------------------------------------------------------------------------
NAME                                     STATUS   ROLES    AGE     VERSION                     INTERNAL-IP   EXTERNAL-IP   OS-IMAGE             KERNEL-VERSION     CONTAINER-RUNTIME
mk8s-os-cluster-37-control-plane-g69wz   Ready    <none>   7m26s   v1.23.17-2+40cc20cc310518   10.6.0.105    <none>        Ubuntu 20.04.3 LTS   5.4.0-89-generic   containerd://1.5.13
------------------------------------------------------------------------------------------------------

----- mk8s-os-cluster-38 ------------------------------------------------------------------------------
NAME                                     STATUS   ROLES    AGE    VERSION                     INTERNAL-IP   EXTERNAL-IP   OS-IMAGE             KERNEL-VERSION     CONTAINER-RUNTIME
mk8s-os-cluster-38-control-plane-g822q   Ready    <none>   9m8s   v1.23.17-2+40cc20cc310518   10.6.0.123    <none>        Ubuntu 20.04.3 LTS   5.4.0-89-generic   containerd://1.5.13
------------------------------------------------------------------------------------------------------

----- mk8s-os-cluster-39 ------------------------------------------------------------------------------
NAME                                     STATUS   ROLES    AGE     VERSION                     INTERNAL-IP   EXTERNAL-IP   OS-IMAGE             KERNEL-VERSION     CONTAINER-RUNTIME
mk8s-os-cluster-39-control-plane-bbxhk   Ready    <none>   7m22s   v1.23.17-2+40cc20cc310518   10.6.0.12     <none>        Ubuntu 20.04.3 LTS   5.4.0-89-generic   containerd://1.5.13
------------------------------------------------------------------------------------------------------

----- mk8s-os-cluster-40 ------------------------------------------------------------------------------
NAME                                     STATUS   ROLES    AGE     VERSION                     INTERNAL-IP   EXTERNAL-IP   OS-IMAGE             KERNEL-VERSION     CONTAINER-RUNTIME
mk8s-os-cluster-40-control-plane-rr7mf   Ready    <none>   8m58s   v1.23.17-2+40cc20cc310518   10.6.0.145    <none>        Ubuntu 20.04.3 LTS   5.4.0-89-generic   containerd://1.5.13
------------------------------------------------------------------------------------------------------

----- mk8s-os-cluster-41 ------------------------------------------------------------------------------
NAME                                     STATUS   ROLES    AGE    VERSION                     INTERNAL-IP   EXTERNAL-IP   OS-IMAGE             KERNEL-VERSION     CONTAINER-RUNTIME
mk8s-os-cluster-41-control-plane-xpz2l   Ready    <none>   9m6s   v1.23.17-2+40cc20cc310518   10.6.0.146    <none>        Ubuntu 20.04.3 LTS   5.4.0-89-generic   containerd://1.5.13
------------------------------------------------------------------------------------------------------

----- mk8s-os-cluster-42 ------------------------------------------------------------------------------
NAME                                     STATUS   ROLES    AGE    VERSION                     INTERNAL-IP   EXTERNAL-IP   OS-IMAGE             KERNEL-VERSION     CONTAINER-RUNTIME
mk8s-os-cluster-42-control-plane-sqs2d   Ready    <none>   9m6s   v1.23.17-2+40cc20cc310518   10.6.0.174    <none>        Ubuntu 20.04.3 LTS   5.4.0-89-generic   containerd://1.5.13
------------------------------------------------------------------------------------------------------

----- mk8s-os-cluster-43 ------------------------------------------------------------------------------
NAME                                     STATUS   ROLES    AGE     VERSION                     INTERNAL-IP   EXTERNAL-IP   OS-IMAGE             KERNEL-VERSION     CONTAINER-RUNTIME
mk8s-os-cluster-43-control-plane-gr7g6   Ready    <none>   7m22s   v1.23.17-2+40cc20cc310518   10.6.0.46     <none>        Ubuntu 20.04.3 LTS   5.4.0-89-generic   containerd://1.5.13
------------------------------------------------------------------------------------------------------

----- mk8s-os-cluster-44 ------------------------------------------------------------------------------
NAME                                     STATUS   ROLES    AGE     VERSION                     INTERNAL-IP   EXTERNAL-IP   OS-IMAGE             KERNEL-VERSION     CONTAINER-RUNTIME
mk8s-os-cluster-44-control-plane-8z4xq   Ready    <none>   7m29s   v1.23.17-2+40cc20cc310518   10.6.0.213    <none>        Ubuntu 20.04.3 LTS   5.4.0-89-generic   containerd://1.5.13
------------------------------------------------------------------------------------------------------

----- mk8s-os-cluster-45 ------------------------------------------------------------------------------
NAME                                     STATUS   ROLES    AGE     VERSION                     INTERNAL-IP   EXTERNAL-IP   OS-IMAGE             KERNEL-VERSION     CONTAINER-RUNTIME
mk8s-os-cluster-45-control-plane-qwk25   Ready    <none>   7m32s   v1.23.17-2+40cc20cc310518   10.6.0.73     <none>        Ubuntu 20.04.3 LTS   5.4.0-89-generic   containerd://1.5.13
------------------------------------------------------------------------------------------------------

----- mk8s-os-cluster-46 ------------------------------------------------------------------------------
NAME                                     STATUS   ROLES    AGE     VERSION                     INTERNAL-IP   EXTERNAL-IP   OS-IMAGE             KERNEL-VERSION     CONTAINER-RUNTIME
mk8s-os-cluster-46-control-plane-kd6rq   Ready    <none>   7m28s   v1.23.17-2+40cc20cc310518   10.6.0.149    <none>        Ubuntu 20.04.3 LTS   5.4.0-89-generic   containerd://1.5.13
------------------------------------------------------------------------------------------------------

----- mk8s-os-cluster-47 ------------------------------------------------------------------------------
NAME                                     STATUS   ROLES    AGE     VERSION                     INTERNAL-IP   EXTERNAL-IP   OS-IMAGE             KERNEL-VERSION     CONTAINER-RUNTIME
mk8s-os-cluster-47-control-plane-vbzjw   Ready    <none>   7m12s   v1.23.17-2+40cc20cc310518   10.6.0.227    <none>        Ubuntu 20.04.3 LTS   5.4.0-89-generic   containerd://1.5.13
------------------------------------------------------------------------------------------------------

----- mk8s-os-cluster-48 ------------------------------------------------------------------------------
NAME                                     STATUS   ROLES    AGE     VERSION                     INTERNAL-IP   EXTERNAL-IP   OS-IMAGE             KERNEL-VERSION     CONTAINER-RUNTIME
mk8s-os-cluster-48-control-plane-nfm7v   Ready    <none>   8m56s   v1.23.17-2+40cc20cc310518   10.6.0.173    <none>        Ubuntu 20.04.3 LTS   5.4.0-89-generic   containerd://1.5.13
------------------------------------------------------------------------------------------------------

----- mk8s-os-cluster-49 ------------------------------------------------------------------------------
NAME                                     STATUS   ROLES    AGE     VERSION                     INTERNAL-IP   EXTERNAL-IP   OS-IMAGE             KERNEL-VERSION     CONTAINER-RUNTIME
mk8s-os-cluster-49-control-plane-m2b6h   Ready    <none>   7m28s   v1.23.17-2+40cc20cc310518   10.6.0.177    <none>        Ubuntu 20.04.3 LTS   5.4.0-89-generic   containerd://1.5.13
------------------------------------------------------------------------------------------------------

----- mk8s-os-cluster-50 ------------------------------------------------------------------------------
NAME                                     STATUS   ROLES    AGE     VERSION                     INTERNAL-IP   EXTERNAL-IP   OS-IMAGE             KERNEL-VERSION     CONTAINER-RUNTIME
mk8s-os-cluster-50-control-plane-dmm5m   Ready    <none>   8m51s   v1.23.17-2+40cc20cc310518   10.6.0.84     <none>        Ubuntu 20.04.3 LTS   5.4.0-89-generic   containerd://1.5.13
------------------------------------------------------------------------------------------------------

----- mk8s-os-cluster-51 ------------------------------------------------------------------------------
NAME                                     STATUS   ROLES    AGE     VERSION                     INTERNAL-IP   EXTERNAL-IP   OS-IMAGE             KERNEL-VERSION     CONTAINER-RUNTIME
mk8s-os-cluster-51-control-plane-pb9x5   Ready    <none>   7m27s   v1.23.17-2+40cc20cc310518   10.6.0.205    <none>        Ubuntu 20.04.3 LTS   5.4.0-89-generic   containerd://1.5.13
------------------------------------------------------------------------------------------------------

----- mk8s-os-cluster-52 ------------------------------------------------------------------------------
NAME                                     STATUS   ROLES    AGE     VERSION                     INTERNAL-IP   EXTERNAL-IP   OS-IMAGE             KERNEL-VERSION     CONTAINER-RUNTIME
mk8s-os-cluster-52-control-plane-phn2l   Ready    <none>   7m10s   v1.23.17-2+40cc20cc310518   10.6.0.8      <none>        Ubuntu 20.04.3 LTS   5.4.0-89-generic   containerd://1.5.13
------------------------------------------------------------------------------------------------------

----- mk8s-os-cluster-53 ------------------------------------------------------------------------------
NAME                                     STATUS   ROLES    AGE    VERSION                     INTERNAL-IP   EXTERNAL-IP   OS-IMAGE             KERNEL-VERSION     CONTAINER-RUNTIME
mk8s-os-cluster-53-control-plane-58kmw   Ready    <none>   7m2s   v1.23.17-2+40cc20cc310518   10.6.0.81     <none>        Ubuntu 20.04.3 LTS   5.4.0-89-generic   containerd://1.5.13
------------------------------------------------------------------------------------------------------

----- mk8s-os-cluster-54 ------------------------------------------------------------------------------
NAME                                     STATUS   ROLES    AGE     VERSION                     INTERNAL-IP   EXTERNAL-IP   OS-IMAGE             KERNEL-VERSION     CONTAINER-RUNTIME
mk8s-os-cluster-54-control-plane-mj6r5   Ready    <none>   8m35s   v1.23.17-2+40cc20cc310518   10.6.0.231    <none>        Ubuntu 20.04.3 LTS   5.4.0-89-generic   containerd://1.5.13
------------------------------------------------------------------------------------------------------

----- mk8s-os-cluster-55 ------------------------------------------------------------------------------
NAME                                     STATUS   ROLES    AGE     VERSION                     INTERNAL-IP   EXTERNAL-IP   OS-IMAGE             KERNEL-VERSION     CONTAINER-RUNTIME
mk8s-os-cluster-55-control-plane-gfp4l   Ready    <none>   6m58s   v1.23.17-2+40cc20cc310518   10.6.0.86     <none>        Ubuntu 20.04.3 LTS   5.4.0-89-generic   containerd://1.5.13
------------------------------------------------------------------------------------------------------

----- mk8s-os-cluster-56 ------------------------------------------------------------------------------
NAME                                     STATUS   ROLES    AGE     VERSION                     INTERNAL-IP   EXTERNAL-IP   OS-IMAGE             KERNEL-VERSION     CONTAINER-RUNTIME
mk8s-os-cluster-56-control-plane-kdmsx   Ready    <none>   8m33s   v1.23.17-2+40cc20cc310518   10.6.0.64     <none>        Ubuntu 20.04.3 LTS   5.4.0-89-generic   containerd://1.5.13
------------------------------------------------------------------------------------------------------

----- mk8s-os-cluster-57 ------------------------------------------------------------------------------
NAME                                     STATUS   ROLES    AGE     VERSION                     INTERNAL-IP   EXTERNAL-IP   OS-IMAGE             KERNEL-VERSION     CONTAINER-RUNTIME
mk8s-os-cluster-57-control-plane-p64j7   Ready    <none>   8m33s   v1.23.17-2+40cc20cc310518   10.6.0.180    <none>        Ubuntu 20.04.3 LTS   5.4.0-89-generic   containerd://1.5.13
------------------------------------------------------------------------------------------------------

----- mk8s-os-cluster-58 ------------------------------------------------------------------------------
NAME                                     STATUS   ROLES    AGE     VERSION                     INTERNAL-IP   EXTERNAL-IP   OS-IMAGE             KERNEL-VERSION     CONTAINER-RUNTIME
mk8s-os-cluster-58-control-plane-f6mn5   Ready    <none>   6m52s   v1.23.17-2+40cc20cc310518   10.6.0.164    <none>        Ubuntu 20.04.3 LTS   5.4.0-89-generic   containerd://1.5.13
------------------------------------------------------------------------------------------------------

----- mk8s-os-cluster-59 ------------------------------------------------------------------------------
NAME                                     STATUS   ROLES    AGE     VERSION                     INTERNAL-IP   EXTERNAL-IP   OS-IMAGE             KERNEL-VERSION     CONTAINER-RUNTIME
mk8s-os-cluster-59-control-plane-vv9w4   Ready    <none>   8m31s   v1.23.17-2+40cc20cc310518   10.6.0.43     <none>        Ubuntu 20.04.3 LTS   5.4.0-89-generic   containerd://1.5.13
------------------------------------------------------------------------------------------------------

----- mk8s-os-cluster-60 ------------------------------------------------------------------------------
NAME                                     STATUS   ROLES    AGE     VERSION                     INTERNAL-IP   EXTERNAL-IP   OS-IMAGE             KERNEL-VERSION     CONTAINER-RUNTIME
mk8s-os-cluster-60-control-plane-js6rk   Ready    <none>   7m13s   v1.23.17-2+40cc20cc310518   10.6.0.134    <none>        Ubuntu 20.04.3 LTS   5.4.0-89-generic   containerd://1.5.13
------------------------------------------------------------------------------------------------------

----- mk8s-os-cluster-61 ------------------------------------------------------------------------------
NAME                                     STATUS   ROLES    AGE     VERSION                     INTERNAL-IP   EXTERNAL-IP   OS-IMAGE             KERNEL-VERSION     CONTAINER-RUNTIME
mk8s-os-cluster-61-control-plane-h2xwm   Ready    <none>   8m31s   v1.23.17-2+40cc20cc310518   10.6.0.232    <none>        Ubuntu 20.04.3 LTS   5.4.0-89-generic   containerd://1.5.13
------------------------------------------------------------------------------------------------------

----- mk8s-os-cluster-62 ------------------------------------------------------------------------------
NAME                                     STATUS   ROLES    AGE     VERSION                     INTERNAL-IP   EXTERNAL-IP   OS-IMAGE             KERNEL-VERSION     CONTAINER-RUNTIME
mk8s-os-cluster-62-control-plane-2cmkt   Ready    <none>   7m12s   v1.23.17-2+40cc20cc310518   10.6.0.117    <none>        Ubuntu 20.04.3 LTS   5.4.0-89-generic   containerd://1.5.13
------------------------------------------------------------------------------------------------------

----- mk8s-os-cluster-63 ------------------------------------------------------------------------------
NAME                                     STATUS   ROLES    AGE     VERSION                     INTERNAL-IP   EXTERNAL-IP   OS-IMAGE             KERNEL-VERSION     CONTAINER-RUNTIME
mk8s-os-cluster-63-control-plane-mjr4c   Ready    <none>   6m53s   v1.23.17-2+40cc20cc310518   10.6.0.192    <none>        Ubuntu 20.04.3 LTS   5.4.0-89-generic   containerd://1.5.13
------------------------------------------------------------------------------------------------------

----- mk8s-os-cluster-64 ------------------------------------------------------------------------------
NAME                                     STATUS   ROLES    AGE     VERSION                     INTERNAL-IP   EXTERNAL-IP   OS-IMAGE             KERNEL-VERSION     CONTAINER-RUNTIME
mk8s-os-cluster-64-control-plane-4jmls   Ready    <none>   7m10s   v1.23.17-2+40cc20cc310518   10.6.0.203    <none>        Ubuntu 20.04.3 LTS   5.4.0-89-generic   containerd://1.5.13
------------------------------------------------------------------------------------------------------

----- mk8s-os-cluster-65 ------------------------------------------------------------------------------
NAME                                     STATUS   ROLES    AGE     VERSION                     INTERNAL-IP   EXTERNAL-IP   OS-IMAGE             KERNEL-VERSION     CONTAINER-RUNTIME
mk8s-os-cluster-65-control-plane-4s2vf   Ready    <none>   6m48s   v1.23.17-2+40cc20cc310518   10.6.0.42     <none>        Ubuntu 20.04.3 LTS   5.4.0-89-generic   containerd://1.5.13
------------------------------------------------------------------------------------------------------

----- mk8s-os-cluster-66 ------------------------------------------------------------------------------
NAME                                     STATUS   ROLES    AGE     VERSION                     INTERNAL-IP   EXTERNAL-IP   OS-IMAGE             KERNEL-VERSION     CONTAINER-RUNTIME
mk8s-os-cluster-66-control-plane-wq7dv   Ready    <none>   8m43s   v1.23.17-2+40cc20cc310518   10.6.0.36     <none>        Ubuntu 20.04.3 LTS   5.4.0-89-generic   containerd://1.5.13
------------------------------------------------------------------------------------------------------

----- mk8s-os-cluster-67 ------------------------------------------------------------------------------
NAME                                     STATUS   ROLES    AGE     VERSION                     INTERNAL-IP   EXTERNAL-IP   OS-IMAGE             KERNEL-VERSION     CONTAINER-RUNTIME
mk8s-os-cluster-67-control-plane-lhpbn   Ready    <none>   6m49s   v1.23.17-2+40cc20cc310518   10.6.0.202    <none>        Ubuntu 20.04.3 LTS   5.4.0-89-generic   containerd://1.5.13
------------------------------------------------------------------------------------------------------

----- mk8s-os-cluster-68 ------------------------------------------------------------------------------
NAME                                     STATUS   ROLES    AGE     VERSION                     INTERNAL-IP   EXTERNAL-IP   OS-IMAGE             KERNEL-VERSION     CONTAINER-RUNTIME
mk8s-os-cluster-68-control-plane-k7n6b   Ready    <none>   8m40s   v1.23.17-2+40cc20cc310518   10.6.0.153    <none>        Ubuntu 20.04.3 LTS   5.4.0-89-generic   containerd://1.5.13
------------------------------------------------------------------------------------------------------

----- mk8s-os-cluster-69 ------------------------------------------------------------------------------
NAME                                     STATUS   ROLES    AGE     VERSION                     INTERNAL-IP   EXTERNAL-IP   OS-IMAGE             KERNEL-VERSION     CONTAINER-RUNTIME
mk8s-os-cluster-69-control-plane-mn2tp   Ready    <none>   8m14s   v1.23.17-2+40cc20cc310518   10.6.0.194    <none>        Ubuntu 20.04.3 LTS   5.4.0-89-generic   containerd://1.5.13
------------------------------------------------------------------------------------------------------

----- mk8s-os-cluster-70 ------------------------------------------------------------------------------
NAME                                     STATUS   ROLES    AGE     VERSION                     INTERNAL-IP   EXTERNAL-IP   OS-IMAGE             KERNEL-VERSION     CONTAINER-RUNTIME
mk8s-os-cluster-70-control-plane-9x4r2   Ready    <none>   6m56s   v1.23.17-2+40cc20cc310518   10.6.0.250    <none>        Ubuntu 20.04.3 LTS   5.4.0-89-generic   containerd://1.5.13
------------------------------------------------------------------------------------------------------

----- mk8s-os-cluster-71 ------------------------------------------------------------------------------
NAME                                     STATUS   ROLES    AGE     VERSION                     INTERNAL-IP   EXTERNAL-IP   OS-IMAGE             KERNEL-VERSION     CONTAINER-RUNTIME
mk8s-os-cluster-71-control-plane-lt8bb   Ready    <none>   6m57s   v1.23.17-2+40cc20cc310518   10.6.0.175    <none>        Ubuntu 20.04.3 LTS   5.4.0-89-generic   containerd://1.5.13
------------------------------------------------------------------------------------------------------

----- mk8s-os-cluster-72 ------------------------------------------------------------------------------
NAME                                     STATUS   ROLES    AGE     VERSION                     INTERNAL-IP   EXTERNAL-IP   OS-IMAGE             KERNEL-VERSION     CONTAINER-RUNTIME
mk8s-os-cluster-72-control-plane-m5zvm   Ready    <none>   8m13s   v1.23.17-2+40cc20cc310518   10.6.0.176    <none>        Ubuntu 20.04.3 LTS   5.4.0-89-generic   containerd://1.5.13
------------------------------------------------------------------------------------------------------

----- mk8s-os-cluster-73 ------------------------------------------------------------------------------
NAME                                     STATUS   ROLES    AGE     VERSION                     INTERNAL-IP   EXTERNAL-IP   OS-IMAGE             KERNEL-VERSION     CONTAINER-RUNTIME
mk8s-os-cluster-73-control-plane-qkxwc   Ready    <none>   8m30s   v1.23.17-2+40cc20cc310518   10.6.0.53     <none>        Ubuntu 20.04.3 LTS   5.4.0-89-generic   containerd://1.5.13
------------------------------------------------------------------------------------------------------

----- mk8s-os-cluster-74 ------------------------------------------------------------------------------
NAME                                     STATUS   ROLES    AGE     VERSION                     INTERNAL-IP   EXTERNAL-IP   OS-IMAGE             KERNEL-VERSION     CONTAINER-RUNTIME
mk8s-os-cluster-74-control-plane-l6gfd   Ready    <none>   6m31s   v1.23.17-2+40cc20cc310518   10.6.0.185    <none>        Ubuntu 20.04.3 LTS   5.4.0-89-generic   containerd://1.5.13
------------------------------------------------------------------------------------------------------

----- mk8s-os-cluster-75 ------------------------------------------------------------------------------
NAME                                     STATUS   ROLES    AGE     VERSION                     INTERNAL-IP   EXTERNAL-IP   OS-IMAGE             KERNEL-VERSION     CONTAINER-RUNTIME
mk8s-os-cluster-75-control-plane-d6d8x   Ready    <none>   6m44s   v1.23.17-2+40cc20cc310518   10.6.0.210    <none>        Ubuntu 20.04.3 LTS   5.4.0-89-generic   containerd://1.5.13
------------------------------------------------------------------------------------------------------

----- mk8s-os-cluster-76 ------------------------------------------------------------------------------
NAME                                     STATUS   ROLES    AGE     VERSION                     INTERNAL-IP   EXTERNAL-IP   OS-IMAGE             KERNEL-VERSION     CONTAINER-RUNTIME
mk8s-os-cluster-76-control-plane-vh8d6   Ready    <none>   6m36s   v1.23.17-2+40cc20cc310518   10.6.0.183    <none>        Ubuntu 20.04.3 LTS   5.4.0-89-generic   containerd://1.5.13
------------------------------------------------------------------------------------------------------

----- mk8s-os-cluster-77 ------------------------------------------------------------------------------
NAME                                     STATUS   ROLES    AGE     VERSION                     INTERNAL-IP   EXTERNAL-IP   OS-IMAGE             KERNEL-VERSION     CONTAINER-RUNTIME
mk8s-os-cluster-77-control-plane-dwq9j   Ready    <none>   6m52s   v1.23.17-2+40cc20cc310518   10.6.0.46     <none>        Ubuntu 20.04.3 LTS   5.4.0-89-generic   containerd://1.5.13
------------------------------------------------------------------------------------------------------

----- mk8s-os-cluster-78 ------------------------------------------------------------------------------
NAME                                     STATUS   ROLES    AGE     VERSION                     INTERNAL-IP   EXTERNAL-IP   OS-IMAGE             KERNEL-VERSION     CONTAINER-RUNTIME
mk8s-os-cluster-78-control-plane-hclmb   Ready    <none>   6m32s   v1.23.17-2+40cc20cc310518   10.6.0.30     <none>        Ubuntu 20.04.3 LTS   5.4.0-89-generic   containerd://1.5.13
------------------------------------------------------------------------------------------------------

----- mk8s-os-cluster-79 ------------------------------------------------------------------------------
NAME                                     STATUS   ROLES    AGE     VERSION                     INTERNAL-IP   EXTERNAL-IP   OS-IMAGE             KERNEL-VERSION     CONTAINER-RUNTIME
mk8s-os-cluster-79-control-plane-rnwpc   Ready    <none>   6m48s   v1.23.17-2+40cc20cc310518   10.6.0.169    <none>        Ubuntu 20.04.3 LTS   5.4.0-89-generic   containerd://1.5.13
------------------------------------------------------------------------------------------------------

----- mk8s-os-cluster-80 ------------------------------------------------------------------------------
NAME                                     STATUS   ROLES    AGE     VERSION                     INTERNAL-IP   EXTERNAL-IP   OS-IMAGE             KERNEL-VERSION     CONTAINER-RUNTIME
mk8s-os-cluster-80-control-plane-gnmn8   Ready    <none>   7m54s   v1.23.17-2+40cc20cc310518   10.6.0.141    <none>        Ubuntu 20.04.3 LTS   5.4.0-89-generic   containerd://1.5.13
------------------------------------------------------------------------------------------------------

----- mk8s-os-cluster-81 ------------------------------------------------------------------------------
NAME                                     STATUS   ROLES    AGE     VERSION                     INTERNAL-IP   EXTERNAL-IP   OS-IMAGE             KERNEL-VERSION     CONTAINER-RUNTIME
mk8s-os-cluster-81-control-plane-dxx22   Ready    <none>   6m22s   v1.23.17-2+40cc20cc310518   10.6.0.5      <none>        Ubuntu 20.04.3 LTS   5.4.0-89-generic   containerd://1.5.13
------------------------------------------------------------------------------------------------------

----- mk8s-os-cluster-82 ------------------------------------------------------------------------------
NAME                                     STATUS   ROLES    AGE    VERSION                     INTERNAL-IP   EXTERNAL-IP   OS-IMAGE             KERNEL-VERSION     CONTAINER-RUNTIME
mk8s-os-cluster-82-control-plane-tkc85   Ready    <none>   8m2s   v1.23.17-2+40cc20cc310518   10.6.0.69     <none>        Ubuntu 20.04.3 LTS   5.4.0-89-generic   containerd://1.5.13
------------------------------------------------------------------------------------------------------

----- mk8s-os-cluster-83 ------------------------------------------------------------------------------
NAME                                     STATUS   ROLES    AGE     VERSION                     INTERNAL-IP   EXTERNAL-IP   OS-IMAGE             KERNEL-VERSION     CONTAINER-RUNTIME
mk8s-os-cluster-83-control-plane-kjvv7   Ready    <none>   6m41s   v1.23.17-2+40cc20cc310518   10.6.0.125    <none>        Ubuntu 20.04.3 LTS   5.4.0-89-generic   containerd://1.5.13
------------------------------------------------------------------------------------------------------

----- mk8s-os-cluster-84 ------------------------------------------------------------------------------
NAME                                     STATUS   ROLES    AGE     VERSION                     INTERNAL-IP   EXTERNAL-IP   OS-IMAGE             KERNEL-VERSION     CONTAINER-RUNTIME
mk8s-os-cluster-84-control-plane-nlh6f   Ready    <none>   8m18s   v1.23.17-2+40cc20cc310518   10.6.0.34     <none>        Ubuntu 20.04.3 LTS   5.4.0-89-generic   containerd://1.5.13
------------------------------------------------------------------------------------------------------

----- mk8s-os-cluster-85 ------------------------------------------------------------------------------
NAME                                     STATUS   ROLES    AGE     VERSION                     INTERNAL-IP   EXTERNAL-IP   OS-IMAGE             KERNEL-VERSION     CONTAINER-RUNTIME
mk8s-os-cluster-85-control-plane-xmpdh   Ready    <none>   7m49s   v1.23.17-2+40cc20cc310518   10.6.0.253    <none>        Ubuntu 20.04.3 LTS   5.4.0-89-generic   containerd://1.5.13
------------------------------------------------------------------------------------------------------

----- mk8s-os-cluster-86 ------------------------------------------------------------------------------
NAME                                     STATUS   ROLES    AGE     VERSION                     INTERNAL-IP   EXTERNAL-IP   OS-IMAGE             KERNEL-VERSION     CONTAINER-RUNTIME
mk8s-os-cluster-86-control-plane-82bqb   Ready    <none>   8m10s   v1.23.17-2+40cc20cc310518   10.6.0.62     <none>        Ubuntu 20.04.3 LTS   5.4.0-89-generic   containerd://1.5.13
------------------------------------------------------------------------------------------------------

----- mk8s-os-cluster-87 ------------------------------------------------------------------------------
NAME                                     STATUS   ROLES    AGE     VERSION                     INTERNAL-IP   EXTERNAL-IP   OS-IMAGE             KERNEL-VERSION     CONTAINER-RUNTIME
mk8s-os-cluster-87-control-plane-qptsd   Ready    <none>   6m22s   v1.23.17-2+40cc20cc310518   10.6.0.219    <none>        Ubuntu 20.04.3 LTS   5.4.0-89-generic   containerd://1.5.13
------------------------------------------------------------------------------------------------------

----- mk8s-os-cluster-88 ------------------------------------------------------------------------------
NAME                                     STATUS   ROLES    AGE     VERSION                     INTERNAL-IP   EXTERNAL-IP   OS-IMAGE             KERNEL-VERSION     CONTAINER-RUNTIME
mk8s-os-cluster-88-control-plane-95spr   Ready    <none>   6m41s   v1.23.17-2+40cc20cc310518   10.6.0.192    <none>        Ubuntu 20.04.3 LTS   5.4.0-89-generic   containerd://1.5.13
------------------------------------------------------------------------------------------------------

----- mk8s-os-cluster-89 ------------------------------------------------------------------------------
NAME                                     STATUS   ROLES    AGE     VERSION                     INTERNAL-IP   EXTERNAL-IP   OS-IMAGE             KERNEL-VERSION     CONTAINER-RUNTIME
mk8s-os-cluster-89-control-plane-5bd5c   Ready    <none>   6m33s   v1.23.17-2+40cc20cc310518   10.6.0.201    <none>        Ubuntu 20.04.3 LTS   5.4.0-89-generic   containerd://1.5.13
------------------------------------------------------------------------------------------------------

----- mk8s-os-cluster-90 ------------------------------------------------------------------------------
NAME                                     STATUS   ROLES    AGE     VERSION                     INTERNAL-IP   EXTERNAL-IP   OS-IMAGE             KERNEL-VERSION     CONTAINER-RUNTIME
mk8s-os-cluster-90-control-plane-sn7rg   Ready    <none>   7m46s   v1.23.17-2+40cc20cc310518   10.6.0.45     <none>        Ubuntu 20.04.3 LTS   5.4.0-89-generic   containerd://1.5.13
------------------------------------------------------------------------------------------------------

----- mk8s-os-cluster-91 ------------------------------------------------------------------------------
NAME                                     STATUS   ROLES    AGE     VERSION                     INTERNAL-IP   EXTERNAL-IP   OS-IMAGE             KERNEL-VERSION     CONTAINER-RUNTIME
mk8s-os-cluster-91-control-plane-xgckm   Ready    <none>   6m38s   v1.23.17-2+40cc20cc310518   10.6.0.129    <none>        Ubuntu 20.04.3 LTS   5.4.0-89-generic   containerd://1.5.13
------------------------------------------------------------------------------------------------------

----- mk8s-os-cluster-92 ------------------------------------------------------------------------------
NAME                                     STATUS   ROLES    AGE     VERSION                     INTERNAL-IP   EXTERNAL-IP   OS-IMAGE             KERNEL-VERSION     CONTAINER-RUNTIME
mk8s-os-cluster-92-control-plane-bzzb5   Ready    <none>   8m10s   v1.23.17-2+40cc20cc310518   10.6.0.33     <none>        Ubuntu 20.04.3 LTS   5.4.0-89-generic   containerd://1.5.13
------------------------------------------------------------------------------------------------------

----- mk8s-os-cluster-93 ------------------------------------------------------------------------------
NAME                                     STATUS   ROLES    AGE     VERSION                     INTERNAL-IP   EXTERNAL-IP   OS-IMAGE             KERNEL-VERSION     CONTAINER-RUNTIME
mk8s-os-cluster-93-control-plane-h8z4c   Ready    <none>   7m50s   v1.23.17-2+40cc20cc310518   10.6.0.200    <none>        Ubuntu 20.04.3 LTS   5.4.0-89-generic   containerd://1.5.13
------------------------------------------------------------------------------------------------------

----- mk8s-os-cluster-94 ------------------------------------------------------------------------------
NAME                                     STATUS   ROLES    AGE    VERSION                     INTERNAL-IP   EXTERNAL-IP   OS-IMAGE             KERNEL-VERSION     CONTAINER-RUNTIME
mk8s-os-cluster-94-control-plane-7rlwc   Ready    <none>   8m2s   v1.23.17-2+40cc20cc310518   10.6.0.184    <none>        Ubuntu 20.04.3 LTS   5.4.0-89-generic   containerd://1.5.13
------------------------------------------------------------------------------------------------------

----- mk8s-os-cluster-95 ------------------------------------------------------------------------------
NAME                                     STATUS   ROLES    AGE     VERSION                     INTERNAL-IP   EXTERNAL-IP   OS-IMAGE             KERNEL-VERSION     CONTAINER-RUNTIME
mk8s-os-cluster-95-control-plane-ctllj   Ready    <none>   7m38s   v1.23.17-2+40cc20cc310518   10.6.0.242    <none>        Ubuntu 20.04.3 LTS   5.4.0-89-generic   containerd://1.5.13
------------------------------------------------------------------------------------------------------

----- mk8s-os-cluster-96 ------------------------------------------------------------------------------
NAME                                     STATUS   ROLES    AGE    VERSION                     INTERNAL-IP   EXTERNAL-IP   OS-IMAGE             KERNEL-VERSION     CONTAINER-RUNTIME
mk8s-os-cluster-96-control-plane-xcqgd   Ready    <none>   8m3s   v1.23.17-2+40cc20cc310518   10.6.0.103    <none>        Ubuntu 20.04.3 LTS   5.4.0-89-generic   containerd://1.5.13
------------------------------------------------------------------------------------------------------

----- mk8s-os-cluster-97 ------------------------------------------------------------------------------
NAME                                     STATUS   ROLES    AGE     VERSION                     INTERNAL-IP   EXTERNAL-IP   OS-IMAGE             KERNEL-VERSION     CONTAINER-RUNTIME
mk8s-os-cluster-97-control-plane-c8wn9   Ready    <none>   6m32s   v1.23.17-2+40cc20cc310518   10.6.0.188    <none>        Ubuntu 20.04.3 LTS   5.4.0-89-generic   containerd://1.5.13
------------------------------------------------------------------------------------------------------

----- mk8s-os-cluster-98 ------------------------------------------------------------------------------
NAME                                     STATUS   ROLES    AGE    VERSION                     INTERNAL-IP   EXTERNAL-IP   OS-IMAGE             KERNEL-VERSION     CONTAINER-RUNTIME
mk8s-os-cluster-98-control-plane-9lqpm   Ready    <none>   8m1s   v1.23.17-2+40cc20cc310518   10.6.0.176    <none>        Ubuntu 20.04.3 LTS   5.4.0-89-generic   containerd://1.5.13
------------------------------------------------------------------------------------------------------

----- mk8s-os-cluster-99 ------------------------------------------------------------------------------
NAME                                     STATUS   ROLES    AGE    VERSION                     INTERNAL-IP   EXTERNAL-IP   OS-IMAGE             KERNEL-VERSION     CONTAINER-RUNTIME
mk8s-os-cluster-99-control-plane-kq8cl   Ready    <none>   8m1s   v1.23.17-2+40cc20cc310518   10.6.0.214    <none>        Ubuntu 20.04.3 LTS   5.4.0-89-generic   containerd://1.5.13
------------------------------------------------------------------------------------------------------

----- mk8s-os-cluster-100 ------------------------------------------------------------------------------
NAME                                      STATUS   ROLES    AGE     VERSION                     INTERNAL-IP   EXTERNAL-IP   OS-IMAGE             KERNEL-VERSION     CONTAINER-RUNTIME
mk8s-os-cluster-100-control-plane-rm82v   Ready    <none>   6m16s   v1.23.17-2+40cc20cc310518   10.6.0.28     <none>        Ubuntu 20.04.3 LTS   5.4.0-89-generic   containerd://1.5.13
------------------------------------------------------------------------------------------------------

