Total_cluster: 50
Total_instance: 50
Current_instance: 
    control_plane: 50
    worker_node: 0
Start_Time: 2023년 05월 30일 화요일 (11시 31분 19초)
End_Time: 2023년 05월 30일 화요일 (11시 48분 32초)
Status: Ready

----- mk8s-os-cluster-1 ------------------------------------------------------------------------------
NAME                                    STATUS   ROLES    AGE   VERSION                     INTERNAL-IP   EXTERNAL-IP   OS-IMAGE             KERNEL-VERSION     CONTAINER-RUNTIME
mk8s-os-cluster-1-control-plane-wf44f   Ready    <none>   20m   v1.23.17-2+40cc20cc310518   10.6.0.40     <none>        Ubuntu 20.04.3 LTS   5.4.0-89-generic   containerd://1.5.13
------------------------------------------------------------------------------------------------------

----- mk8s-os-cluster-2 ------------------------------------------------------------------------------
NAME                                    STATUS   ROLES    AGE   VERSION                     INTERNAL-IP   EXTERNAL-IP   OS-IMAGE             KERNEL-VERSION     CONTAINER-RUNTIME
mk8s-os-cluster-2-control-plane-9qplr   Ready    <none>   20m   v1.23.17-2+40cc20cc310518   10.6.0.97     <none>        Ubuntu 20.04.3 LTS   5.4.0-89-generic   containerd://1.5.13
------------------------------------------------------------------------------------------------------

----- mk8s-os-cluster-3 ------------------------------------------------------------------------------
NAME                                    STATUS   ROLES    AGE   VERSION                     INTERNAL-IP   EXTERNAL-IP   OS-IMAGE             KERNEL-VERSION     CONTAINER-RUNTIME
mk8s-os-cluster-3-control-plane-z29m5   Ready    <none>   20m   v1.23.17-2+40cc20cc310518   10.6.0.217    <none>        Ubuntu 20.04.3 LTS   5.4.0-89-generic   containerd://1.5.13
------------------------------------------------------------------------------------------------------

----- mk8s-os-cluster-4 ------------------------------------------------------------------------------
NAME                                    STATUS   ROLES    AGE   VERSION                     INTERNAL-IP   EXTERNAL-IP   OS-IMAGE             KERNEL-VERSION     CONTAINER-RUNTIME
mk8s-os-cluster-4-control-plane-484qn   Ready    <none>   20m   v1.23.17-2+40cc20cc310518   10.6.0.241    <none>        Ubuntu 20.04.3 LTS   5.4.0-89-generic   containerd://1.5.13
------------------------------------------------------------------------------------------------------

----- mk8s-os-cluster-5 ------------------------------------------------------------------------------
NAME                                    STATUS   ROLES    AGE   VERSION                     INTERNAL-IP   EXTERNAL-IP   OS-IMAGE             KERNEL-VERSION     CONTAINER-RUNTIME
mk8s-os-cluster-5-control-plane-nlgfd   Ready    <none>   22m   v1.23.17-2+40cc20cc310518   10.6.0.41     <none>        Ubuntu 20.04.3 LTS   5.4.0-89-generic   containerd://1.5.13
------------------------------------------------------------------------------------------------------

----- mk8s-os-cluster-6 ------------------------------------------------------------------------------
NAME                                    STATUS   ROLES    AGE   VERSION                     INTERNAL-IP   EXTERNAL-IP   OS-IMAGE             KERNEL-VERSION     CONTAINER-RUNTIME
mk8s-os-cluster-6-control-plane-jgnxk   Ready    <none>   20m   v1.23.17-2+40cc20cc310518   10.6.0.182    <none>        Ubuntu 20.04.3 LTS   5.4.0-89-generic   containerd://1.5.13
------------------------------------------------------------------------------------------------------

----- mk8s-os-cluster-7 ------------------------------------------------------------------------------
NAME                                    STATUS   ROLES    AGE   VERSION                     INTERNAL-IP   EXTERNAL-IP   OS-IMAGE             KERNEL-VERSION     CONTAINER-RUNTIME
mk8s-os-cluster-7-control-plane-7xzw5   Ready    <none>   22m   v1.23.17-2+40cc20cc310518   10.6.0.223    <none>        Ubuntu 20.04.3 LTS   5.4.0-89-generic   containerd://1.5.13
------------------------------------------------------------------------------------------------------

----- mk8s-os-cluster-8 ------------------------------------------------------------------------------
NAME                                    STATUS   ROLES    AGE   VERSION                     INTERNAL-IP   EXTERNAL-IP   OS-IMAGE             KERNEL-VERSION     CONTAINER-RUNTIME
mk8s-os-cluster-8-control-plane-kr7ks   Ready    <none>   22m   v1.23.17-2+40cc20cc310518   10.6.0.224    <none>        Ubuntu 20.04.3 LTS   5.4.0-89-generic   containerd://1.5.13
------------------------------------------------------------------------------------------------------

----- mk8s-os-cluster-9 ------------------------------------------------------------------------------
NAME                                    STATUS   ROLES    AGE   VERSION                     INTERNAL-IP   EXTERNAL-IP   OS-IMAGE             KERNEL-VERSION     CONTAINER-RUNTIME
mk8s-os-cluster-9-control-plane-fr94t   Ready    <none>   22m   v1.23.17-2+40cc20cc310518   10.6.0.178    <none>        Ubuntu 20.04.3 LTS   5.4.0-89-generic   containerd://1.5.13
------------------------------------------------------------------------------------------------------

----- mk8s-os-cluster-10 ------------------------------------------------------------------------------
NAME                                     STATUS   ROLES    AGE   VERSION                     INTERNAL-IP   EXTERNAL-IP   OS-IMAGE             KERNEL-VERSION     CONTAINER-RUNTIME
mk8s-os-cluster-10-control-plane-pt5n7   Ready    <none>   22m   v1.23.17-2+40cc20cc310518   10.6.0.154    <none>        Ubuntu 20.04.3 LTS   5.4.0-89-generic   containerd://1.5.13
------------------------------------------------------------------------------------------------------

----- mk8s-os-cluster-11 ------------------------------------------------------------------------------
NAME                                     STATUS   ROLES    AGE   VERSION                     INTERNAL-IP   EXTERNAL-IP   OS-IMAGE             KERNEL-VERSION     CONTAINER-RUNTIME
mk8s-os-cluster-11-control-plane-9cpg9   Ready    <none>   20m   v1.23.17-2+40cc20cc310518   10.6.0.125    <none>        Ubuntu 20.04.3 LTS   5.4.0-89-generic   containerd://1.5.13
------------------------------------------------------------------------------------------------------

----- mk8s-os-cluster-12 ------------------------------------------------------------------------------
NAME                                     STATUS   ROLES    AGE   VERSION                     INTERNAL-IP   EXTERNAL-IP   OS-IMAGE             KERNEL-VERSION     CONTAINER-RUNTIME
mk8s-os-cluster-12-control-plane-gl6np   Ready    <none>   20m   v1.23.17-2+40cc20cc310518   10.6.0.8      <none>        Ubuntu 20.04.3 LTS   5.4.0-89-generic   containerd://1.5.13
------------------------------------------------------------------------------------------------------

----- mk8s-os-cluster-13 ------------------------------------------------------------------------------
NAME                                     STATUS   ROLES    AGE   VERSION                     INTERNAL-IP   EXTERNAL-IP   OS-IMAGE             KERNEL-VERSION     CONTAINER-RUNTIME
mk8s-os-cluster-13-control-plane-2fnqw   Ready    <none>   20m   v1.23.17-2+40cc20cc310518   10.6.0.11     <none>        Ubuntu 20.04.3 LTS   5.4.0-89-generic   containerd://1.5.13
------------------------------------------------------------------------------------------------------

----- mk8s-os-cluster-14 ------------------------------------------------------------------------------
NAME                                     STATUS   ROLES    AGE   VERSION                     INTERNAL-IP   EXTERNAL-IP   OS-IMAGE             KERNEL-VERSION     CONTAINER-RUNTIME
mk8s-os-cluster-14-control-plane-4j6ww   Ready    <none>   21m   v1.23.17-2+40cc20cc310518   10.6.0.71     <none>        Ubuntu 20.04.3 LTS   5.4.0-89-generic   containerd://1.5.13
------------------------------------------------------------------------------------------------------

----- mk8s-os-cluster-15 ------------------------------------------------------------------------------
NAME                                     STATUS   ROLES    AGE   VERSION                     INTERNAL-IP   EXTERNAL-IP   OS-IMAGE             KERNEL-VERSION     CONTAINER-RUNTIME
mk8s-os-cluster-15-control-plane-95cdj   Ready    <none>   20m   v1.23.17-2+40cc20cc310518   10.6.0.189    <none>        Ubuntu 20.04.3 LTS   5.4.0-89-generic   containerd://1.5.13
------------------------------------------------------------------------------------------------------

----- mk8s-os-cluster-16 ------------------------------------------------------------------------------
NAME                                     STATUS   ROLES    AGE   VERSION                     INTERNAL-IP   EXTERNAL-IP   OS-IMAGE             KERNEL-VERSION     CONTAINER-RUNTIME
mk8s-os-cluster-16-control-plane-svbdf   Ready    <none>   21m   v1.23.17-2+40cc20cc310518   10.6.0.151    <none>        Ubuntu 20.04.3 LTS   5.4.0-89-generic   containerd://1.5.13
------------------------------------------------------------------------------------------------------

----- mk8s-os-cluster-17 ------------------------------------------------------------------------------
NAME                                     STATUS   ROLES    AGE   VERSION                     INTERNAL-IP   EXTERNAL-IP   OS-IMAGE             KERNEL-VERSION     CONTAINER-RUNTIME
mk8s-os-cluster-17-control-plane-265ks   Ready    <none>   21m   v1.23.17-2+40cc20cc310518   10.6.0.88     <none>        Ubuntu 20.04.3 LTS   5.4.0-89-generic   containerd://1.5.13
------------------------------------------------------------------------------------------------------

----- mk8s-os-cluster-18 ------------------------------------------------------------------------------
NAME                                     STATUS   ROLES    AGE   VERSION                     INTERNAL-IP   EXTERNAL-IP   OS-IMAGE             KERNEL-VERSION     CONTAINER-RUNTIME
mk8s-os-cluster-18-control-plane-lfn9x   Ready    <none>   20m   v1.23.17-2+40cc20cc310518   10.6.0.132    <none>        Ubuntu 20.04.3 LTS   5.4.0-89-generic   containerd://1.5.13
------------------------------------------------------------------------------------------------------

----- mk8s-os-cluster-19 ------------------------------------------------------------------------------
NAME                                     STATUS   ROLES    AGE   VERSION                     INTERNAL-IP   EXTERNAL-IP   OS-IMAGE             KERNEL-VERSION     CONTAINER-RUNTIME
mk8s-os-cluster-19-control-plane-6q4w5   Ready    <none>   20m   v1.23.17-2+40cc20cc310518   10.6.0.174    <none>        Ubuntu 20.04.3 LTS   5.4.0-89-generic   containerd://1.5.13
------------------------------------------------------------------------------------------------------

----- mk8s-os-cluster-20 ------------------------------------------------------------------------------
NAME                                     STATUS   ROLES    AGE   VERSION                     INTERNAL-IP   EXTERNAL-IP   OS-IMAGE             KERNEL-VERSION     CONTAINER-RUNTIME
mk8s-os-cluster-20-control-plane-7b8pl   Ready    <none>   20m   v1.23.17-2+40cc20cc310518   10.6.0.184    <none>        Ubuntu 20.04.3 LTS   5.4.0-89-generic   containerd://1.5.13
------------------------------------------------------------------------------------------------------

----- mk8s-os-cluster-21 ------------------------------------------------------------------------------
NAME                                     STATUS   ROLES    AGE   VERSION                     INTERNAL-IP   EXTERNAL-IP   OS-IMAGE             KERNEL-VERSION     CONTAINER-RUNTIME
mk8s-os-cluster-21-control-plane-9pvv6   Ready    <none>   21m   v1.23.17-2+40cc20cc310518   10.6.0.150    <none>        Ubuntu 20.04.3 LTS   5.4.0-89-generic   containerd://1.5.13
------------------------------------------------------------------------------------------------------

----- mk8s-os-cluster-22 ------------------------------------------------------------------------------
NAME                                     STATUS   ROLES    AGE   VERSION                     INTERNAL-IP   EXTERNAL-IP   OS-IMAGE             KERNEL-VERSION     CONTAINER-RUNTIME
mk8s-os-cluster-22-control-plane-tw97k   Ready    <none>   21m   v1.23.17-2+40cc20cc310518   10.6.0.166    <none>        Ubuntu 20.04.3 LTS   5.4.0-89-generic   containerd://1.5.13
------------------------------------------------------------------------------------------------------

----- mk8s-os-cluster-23 ------------------------------------------------------------------------------
NAME                                     STATUS   ROLES    AGE   VERSION                     INTERNAL-IP   EXTERNAL-IP   OS-IMAGE             KERNEL-VERSION     CONTAINER-RUNTIME
mk8s-os-cluster-23-control-plane-8fbsp   Ready    <none>   20m   v1.23.17-2+40cc20cc310518   10.6.0.240    <none>        Ubuntu 20.04.3 LTS   5.4.0-89-generic   containerd://1.5.13
------------------------------------------------------------------------------------------------------

----- mk8s-os-cluster-24 ------------------------------------------------------------------------------
NAME                                     STATUS   ROLES    AGE   VERSION                     INTERNAL-IP   EXTERNAL-IP   OS-IMAGE             KERNEL-VERSION     CONTAINER-RUNTIME
mk8s-os-cluster-24-control-plane-9vtnb   Ready    <none>   21m   v1.23.17-2+40cc20cc310518   10.6.0.253    <none>        Ubuntu 20.04.3 LTS   5.4.0-89-generic   containerd://1.5.13
------------------------------------------------------------------------------------------------------

----- mk8s-os-cluster-25 ------------------------------------------------------------------------------
NAME                                     STATUS   ROLES    AGE   VERSION                     INTERNAL-IP   EXTERNAL-IP   OS-IMAGE             KERNEL-VERSION     CONTAINER-RUNTIME
mk8s-os-cluster-25-control-plane-hsjwk   Ready    <none>   20m   v1.23.17-2+40cc20cc310518   10.6.0.9      <none>        Ubuntu 20.04.3 LTS   5.4.0-89-generic   containerd://1.5.13
------------------------------------------------------------------------------------------------------

----- mk8s-os-cluster-26 ------------------------------------------------------------------------------
NAME                                     STATUS   ROLES    AGE   VERSION                     INTERNAL-IP   EXTERNAL-IP   OS-IMAGE             KERNEL-VERSION     CONTAINER-RUNTIME
mk8s-os-cluster-26-control-plane-zsmgn   Ready    <none>   11m   v1.23.17-2+40cc20cc310518   10.6.0.122    <none>        Ubuntu 20.04.3 LTS   5.4.0-89-generic   containerd://1.5.13
------------------------------------------------------------------------------------------------------

----- mk8s-os-cluster-27 ------------------------------------------------------------------------------
NAME                                     STATUS   ROLES    AGE   VERSION                     INTERNAL-IP   EXTERNAL-IP   OS-IMAGE             KERNEL-VERSION     CONTAINER-RUNTIME
mk8s-os-cluster-27-control-plane-rndnp   Ready    <none>   11m   v1.23.17-2+40cc20cc310518   10.6.0.81     <none>        Ubuntu 20.04.3 LTS   5.4.0-89-generic   containerd://1.5.13
------------------------------------------------------------------------------------------------------

----- mk8s-os-cluster-28 ------------------------------------------------------------------------------
NAME                                     STATUS   ROLES    AGE   VERSION                     INTERNAL-IP   EXTERNAL-IP   OS-IMAGE             KERNEL-VERSION     CONTAINER-RUNTIME
mk8s-os-cluster-28-control-plane-b5rwb   Ready    <none>   13m   v1.23.17-2+40cc20cc310518   10.6.0.238    <none>        Ubuntu 20.04.3 LTS   5.4.0-89-generic   containerd://1.5.13
------------------------------------------------------------------------------------------------------

----- mk8s-os-cluster-29 ------------------------------------------------------------------------------
NAME                                     STATUS   ROLES    AGE   VERSION                     INTERNAL-IP   EXTERNAL-IP   OS-IMAGE             KERNEL-VERSION     CONTAINER-RUNTIME
mk8s-os-cluster-29-control-plane-qsd97   Ready    <none>   11m   v1.23.17-2+40cc20cc310518   10.6.0.90     <none>        Ubuntu 20.04.3 LTS   5.4.0-89-generic   containerd://1.5.13
------------------------------------------------------------------------------------------------------

----- mk8s-os-cluster-30 ------------------------------------------------------------------------------
NAME                                     STATUS   ROLES    AGE   VERSION                     INTERNAL-IP   EXTERNAL-IP   OS-IMAGE             KERNEL-VERSION     CONTAINER-RUNTIME
mk8s-os-cluster-30-control-plane-7krg7   Ready    <none>   10m   v1.23.17-2+40cc20cc310518   10.6.0.120    <none>        Ubuntu 20.04.3 LTS   5.4.0-89-generic   containerd://1.5.13
------------------------------------------------------------------------------------------------------

----- mk8s-os-cluster-31 ------------------------------------------------------------------------------
NAME                                     STATUS   ROLES    AGE   VERSION                     INTERNAL-IP   EXTERNAL-IP   OS-IMAGE             KERNEL-VERSION     CONTAINER-RUNTIME
mk8s-os-cluster-31-control-plane-qvdfj   Ready    <none>   13m   v1.23.17-2+40cc20cc310518   10.6.0.196    <none>        Ubuntu 20.04.3 LTS   5.4.0-89-generic   containerd://1.5.13
------------------------------------------------------------------------------------------------------

----- mk8s-os-cluster-32 ------------------------------------------------------------------------------
NAME                                     STATUS   ROLES    AGE   VERSION                     INTERNAL-IP   EXTERNAL-IP   OS-IMAGE             KERNEL-VERSION     CONTAINER-RUNTIME
mk8s-os-cluster-32-control-plane-f52hg   Ready    <none>   13m   v1.23.17-2+40cc20cc310518   10.6.0.90     <none>        Ubuntu 20.04.3 LTS   5.4.0-89-generic   containerd://1.5.13
------------------------------------------------------------------------------------------------------

----- mk8s-os-cluster-33 ------------------------------------------------------------------------------
NAME                                     STATUS   ROLES    AGE   VERSION                     INTERNAL-IP   EXTERNAL-IP   OS-IMAGE             KERNEL-VERSION     CONTAINER-RUNTIME
mk8s-os-cluster-33-control-plane-dkltp   Ready    <none>   13m   v1.23.17-2+40cc20cc310518   10.6.0.106    <none>        Ubuntu 20.04.3 LTS   5.4.0-89-generic   containerd://1.5.13
------------------------------------------------------------------------------------------------------

----- mk8s-os-cluster-34 ------------------------------------------------------------------------------
NAME                                     STATUS   ROLES    AGE   VERSION                     INTERNAL-IP   EXTERNAL-IP   OS-IMAGE             KERNEL-VERSION     CONTAINER-RUNTIME
mk8s-os-cluster-34-control-plane-4rjr6   Ready    <none>   13m   v1.23.17-2+40cc20cc310518   10.6.0.50     <none>        Ubuntu 20.04.3 LTS   5.4.0-89-generic   containerd://1.5.13
------------------------------------------------------------------------------------------------------

----- mk8s-os-cluster-35 ------------------------------------------------------------------------------
NAME                                     STATUS   ROLES    AGE   VERSION                     INTERNAL-IP   EXTERNAL-IP   OS-IMAGE             KERNEL-VERSION     CONTAINER-RUNTIME
mk8s-os-cluster-35-control-plane-4zp87   Ready    <none>   11m   v1.23.17-2+40cc20cc310518   10.6.0.229    <none>        Ubuntu 20.04.3 LTS   5.4.0-89-generic   containerd://1.5.13
------------------------------------------------------------------------------------------------------

----- mk8s-os-cluster-36 ------------------------------------------------------------------------------
NAME                                     STATUS   ROLES    AGE   VERSION                     INTERNAL-IP   EXTERNAL-IP   OS-IMAGE             KERNEL-VERSION     CONTAINER-RUNTIME
mk8s-os-cluster-36-control-plane-4gxsx   Ready    <none>   13m   v1.23.17-2+40cc20cc310518   10.6.0.61     <none>        Ubuntu 20.04.3 LTS   5.4.0-89-generic   containerd://1.5.13
------------------------------------------------------------------------------------------------------

----- mk8s-os-cluster-37 ------------------------------------------------------------------------------
NAME                                     STATUS   ROLES    AGE   VERSION                     INTERNAL-IP   EXTERNAL-IP   OS-IMAGE             KERNEL-VERSION     CONTAINER-RUNTIME
mk8s-os-cluster-37-control-plane-k84lq   Ready    <none>   11m   v1.23.17-2+40cc20cc310518   10.6.0.124    <none>        Ubuntu 20.04.3 LTS   5.4.0-89-generic   containerd://1.5.13
------------------------------------------------------------------------------------------------------

----- mk8s-os-cluster-38 ------------------------------------------------------------------------------
NAME                                     STATUS   ROLES    AGE   VERSION                     INTERNAL-IP   EXTERNAL-IP   OS-IMAGE             KERNEL-VERSION     CONTAINER-RUNTIME
mk8s-os-cluster-38-control-plane-2kpb2   Ready    <none>   13m   v1.23.17-2+40cc20cc310518   10.6.0.113    <none>        Ubuntu 20.04.3 LTS   5.4.0-89-generic   containerd://1.5.13
------------------------------------------------------------------------------------------------------

----- mk8s-os-cluster-39 ------------------------------------------------------------------------------
NAME                                     STATUS   ROLES    AGE   VERSION                     INTERNAL-IP   EXTERNAL-IP   OS-IMAGE             KERNEL-VERSION     CONTAINER-RUNTIME
mk8s-os-cluster-39-control-plane-7b792   Ready    <none>   12m   v1.23.17-2+40cc20cc310518   10.6.0.191    <none>        Ubuntu 20.04.3 LTS   5.4.0-89-generic   containerd://1.5.13
------------------------------------------------------------------------------------------------------

----- mk8s-os-cluster-40 ------------------------------------------------------------------------------
NAME                                     STATUS   ROLES    AGE   VERSION                     INTERNAL-IP   EXTERNAL-IP   OS-IMAGE             KERNEL-VERSION     CONTAINER-RUNTIME
mk8s-os-cluster-40-control-plane-tq2v7   Ready    <none>   12m   v1.23.17-2+40cc20cc310518   10.6.0.37     <none>        Ubuntu 20.04.3 LTS   5.4.0-89-generic   containerd://1.5.13
------------------------------------------------------------------------------------------------------

----- mk8s-os-cluster-41 ------------------------------------------------------------------------------
NAME                                     STATUS   ROLES    AGE   VERSION                     INTERNAL-IP   EXTERNAL-IP   OS-IMAGE             KERNEL-VERSION     CONTAINER-RUNTIME
mk8s-os-cluster-41-control-plane-9sgn8   Ready    <none>   11m   v1.23.17-2+40cc20cc310518   10.6.0.65     <none>        Ubuntu 20.04.3 LTS   5.4.0-89-generic   containerd://1.5.13
------------------------------------------------------------------------------------------------------

----- mk8s-os-cluster-42 ------------------------------------------------------------------------------
NAME                                     STATUS   ROLES    AGE   VERSION                     INTERNAL-IP   EXTERNAL-IP   OS-IMAGE             KERNEL-VERSION     CONTAINER-RUNTIME
mk8s-os-cluster-42-control-plane-ksxt6   Ready    <none>   11m   v1.23.17-2+40cc20cc310518   10.6.0.107    <none>        Ubuntu 20.04.3 LTS   5.4.0-89-generic   containerd://1.5.13
------------------------------------------------------------------------------------------------------

----- mk8s-os-cluster-43 ------------------------------------------------------------------------------
NAME                                     STATUS   ROLES    AGE   VERSION                     INTERNAL-IP   EXTERNAL-IP   OS-IMAGE             KERNEL-VERSION     CONTAINER-RUNTIME
mk8s-os-cluster-43-control-plane-p7sld   Ready    <none>   12m   v1.23.17-2+40cc20cc310518   10.6.0.174    <none>        Ubuntu 20.04.3 LTS   5.4.0-89-generic   containerd://1.5.13
------------------------------------------------------------------------------------------------------

----- mk8s-os-cluster-44 ------------------------------------------------------------------------------
NAME                                     STATUS   ROLES    AGE   VERSION                     INTERNAL-IP   EXTERNAL-IP   OS-IMAGE             KERNEL-VERSION     CONTAINER-RUNTIME
mk8s-os-cluster-44-control-plane-qwxjz   Ready    <none>   11m   v1.23.17-2+40cc20cc310518   10.6.0.158    <none>        Ubuntu 20.04.3 LTS   5.4.0-89-generic   containerd://1.5.13
------------------------------------------------------------------------------------------------------

----- mk8s-os-cluster-45 ------------------------------------------------------------------------------
NAME                                     STATUS   ROLES    AGE     VERSION                     INTERNAL-IP   EXTERNAL-IP   OS-IMAGE             KERNEL-VERSION     CONTAINER-RUNTIME
mk8s-os-cluster-45-control-plane-c6c5f   Ready    <none>   9m25s   v1.23.17-2+40cc20cc310518   10.6.0.97     <none>        Ubuntu 20.04.3 LTS   5.4.0-89-generic   containerd://1.5.13
------------------------------------------------------------------------------------------------------

----- mk8s-os-cluster-46 ------------------------------------------------------------------------------
NAME                                     STATUS   ROLES    AGE   VERSION                     INTERNAL-IP   EXTERNAL-IP   OS-IMAGE             KERNEL-VERSION     CONTAINER-RUNTIME
mk8s-os-cluster-46-control-plane-rl5bt   Ready    <none>   11m   v1.23.17-2+40cc20cc310518   10.6.0.188    <none>        Ubuntu 20.04.3 LTS   5.4.0-89-generic   containerd://1.5.13
------------------------------------------------------------------------------------------------------

----- mk8s-os-cluster-47 ------------------------------------------------------------------------------
NAME                                     STATUS   ROLES    AGE   VERSION                     INTERNAL-IP   EXTERNAL-IP   OS-IMAGE             KERNEL-VERSION     CONTAINER-RUNTIME
mk8s-os-cluster-47-control-plane-m642v   Ready    <none>   10m   v1.23.17-2+40cc20cc310518   10.6.0.9      <none>        Ubuntu 20.04.3 LTS   5.4.0-89-generic   containerd://1.5.13
------------------------------------------------------------------------------------------------------

----- mk8s-os-cluster-48 ------------------------------------------------------------------------------
NAME                                     STATUS   ROLES    AGE   VERSION                     INTERNAL-IP   EXTERNAL-IP   OS-IMAGE             KERNEL-VERSION     CONTAINER-RUNTIME
mk8s-os-cluster-48-control-plane-5nbcd   Ready    <none>   11m   v1.23.17-2+40cc20cc310518   10.6.0.200    <none>        Ubuntu 20.04.3 LTS   5.4.0-89-generic   containerd://1.5.13
------------------------------------------------------------------------------------------------------

----- mk8s-os-cluster-49 ------------------------------------------------------------------------------
NAME                                     STATUS   ROLES    AGE   VERSION                     INTERNAL-IP   EXTERNAL-IP   OS-IMAGE             KERNEL-VERSION     CONTAINER-RUNTIME
mk8s-os-cluster-49-control-plane-lwnfm   Ready    <none>   10m   v1.23.17-2+40cc20cc310518   10.6.0.224    <none>        Ubuntu 20.04.3 LTS   5.4.0-89-generic   containerd://1.5.13
------------------------------------------------------------------------------------------------------

----- mk8s-os-cluster-50 ------------------------------------------------------------------------------
NAME                                     STATUS   ROLES    AGE     VERSION                     INTERNAL-IP   EXTERNAL-IP   OS-IMAGE             KERNEL-VERSION     CONTAINER-RUNTIME
mk8s-os-cluster-50-control-plane-rg7hk   Ready    <none>   9m26s   v1.23.17-2+40cc20cc310518   10.6.0.231    <none>        Ubuntu 20.04.3 LTS   5.4.0-89-generic   containerd://1.5.13
------------------------------------------------------------------------------------------------------

