Total_cluster: 100
Total_instance: 100
Current_instance: 
    control_plane: 100
    worker_node: 0
Start_Time: 2023년 05월 30일 화요일 (12시 18분 48초)
End_Time: 2023년 05월 30일 화요일 (13시 58분 43초)
Status: Ready

----- mk8s-os-cluster-1 ------------------------------------------------------------------------------
NAME                                    STATUS   ROLES    AGE    VERSION                     INTERNAL-IP   EXTERNAL-IP   OS-IMAGE             KERNEL-VERSION     CONTAINER-RUNTIME
mk8s-os-cluster-1-control-plane-h67f6   Ready    <none>   105m   v1.23.17-2+40cc20cc310518   10.6.0.147    <none>        Ubuntu 20.04.3 LTS   5.4.0-89-generic   containerd://1.5.13
------------------------------------------------------------------------------------------------------

----- mk8s-os-cluster-2 ------------------------------------------------------------------------------
NAME                                    STATUS   ROLES    AGE    VERSION                     INTERNAL-IP   EXTERNAL-IP   OS-IMAGE             KERNEL-VERSION     CONTAINER-RUNTIME
mk8s-os-cluster-2-control-plane-lll7h   Ready    <none>   105m   v1.23.17-2+40cc20cc310518   10.6.0.68     <none>        Ubuntu 20.04.3 LTS   5.4.0-89-generic   containerd://1.5.13
------------------------------------------------------------------------------------------------------

----- mk8s-os-cluster-3 ------------------------------------------------------------------------------
NAME                                    STATUS   ROLES    AGE    VERSION                     INTERNAL-IP   EXTERNAL-IP   OS-IMAGE             KERNEL-VERSION     CONTAINER-RUNTIME
mk8s-os-cluster-3-control-plane-5fh2c   Ready    <none>   105m   v1.23.17-2+40cc20cc310518   10.6.0.86     <none>        Ubuntu 20.04.3 LTS   5.4.0-89-generic   containerd://1.5.13
------------------------------------------------------------------------------------------------------

----- mk8s-os-cluster-4 ------------------------------------------------------------------------------
NAME                                    STATUS   ROLES    AGE    VERSION                     INTERNAL-IP   EXTERNAL-IP   OS-IMAGE             KERNEL-VERSION     CONTAINER-RUNTIME
mk8s-os-cluster-4-control-plane-4gj66   Ready    <none>   103m   v1.23.17-2+40cc20cc310518   10.6.0.55     <none>        Ubuntu 20.04.3 LTS   5.4.0-89-generic   containerd://1.5.13
------------------------------------------------------------------------------------------------------

----- mk8s-os-cluster-5 ------------------------------------------------------------------------------
NAME                                    STATUS   ROLES    AGE    VERSION                     INTERNAL-IP   EXTERNAL-IP   OS-IMAGE             KERNEL-VERSION     CONTAINER-RUNTIME
mk8s-os-cluster-5-control-plane-22sr6   Ready    <none>   103m   v1.23.17-2+40cc20cc310518   10.6.0.248    <none>        Ubuntu 20.04.3 LTS   5.4.0-89-generic   containerd://1.5.13
------------------------------------------------------------------------------------------------------

----- mk8s-os-cluster-6 ------------------------------------------------------------------------------
NAME                                    STATUS   ROLES    AGE    VERSION                     INTERNAL-IP   EXTERNAL-IP   OS-IMAGE             KERNEL-VERSION     CONTAINER-RUNTIME
mk8s-os-cluster-6-control-plane-95fg4   Ready    <none>   103m   v1.23.17-2+40cc20cc310518   10.6.0.112    <none>        Ubuntu 20.04.3 LTS   5.4.0-89-generic   containerd://1.5.13
------------------------------------------------------------------------------------------------------

----- mk8s-os-cluster-7 ------------------------------------------------------------------------------
NAME                                    STATUS   ROLES    AGE    VERSION                     INTERNAL-IP   EXTERNAL-IP   OS-IMAGE             KERNEL-VERSION     CONTAINER-RUNTIME
mk8s-os-cluster-7-control-plane-52dsf   Ready    <none>   104m   v1.23.17-2+40cc20cc310518   10.6.0.179    <none>        Ubuntu 20.04.3 LTS   5.4.0-89-generic   containerd://1.5.13
------------------------------------------------------------------------------------------------------

----- mk8s-os-cluster-8 ------------------------------------------------------------------------------
NAME                                    STATUS   ROLES    AGE    VERSION                     INTERNAL-IP   EXTERNAL-IP   OS-IMAGE             KERNEL-VERSION     CONTAINER-RUNTIME
mk8s-os-cluster-8-control-plane-t7dl2   Ready    <none>   103m   v1.23.17-2+40cc20cc310518   10.6.0.77     <none>        Ubuntu 20.04.3 LTS   5.4.0-89-generic   containerd://1.5.13
------------------------------------------------------------------------------------------------------

----- mk8s-os-cluster-9 ------------------------------------------------------------------------------
NAME                                    STATUS   ROLES    AGE    VERSION                     INTERNAL-IP   EXTERNAL-IP   OS-IMAGE             KERNEL-VERSION     CONTAINER-RUNTIME
mk8s-os-cluster-9-control-plane-xmm8n   Ready    <none>   103m   v1.23.17-2+40cc20cc310518   10.6.0.83     <none>        Ubuntu 20.04.3 LTS   5.4.0-89-generic   containerd://1.5.13
------------------------------------------------------------------------------------------------------

----- mk8s-os-cluster-10 ------------------------------------------------------------------------------
NAME                                     STATUS   ROLES    AGE    VERSION                     INTERNAL-IP   EXTERNAL-IP   OS-IMAGE             KERNEL-VERSION     CONTAINER-RUNTIME
mk8s-os-cluster-10-control-plane-97xgx   Ready    <none>   103m   v1.23.17-2+40cc20cc310518   10.6.0.94     <none>        Ubuntu 20.04.3 LTS   5.4.0-89-generic   containerd://1.5.13
------------------------------------------------------------------------------------------------------

----- mk8s-os-cluster-11 ------------------------------------------------------------------------------
NAME                                     STATUS   ROLES    AGE    VERSION                     INTERNAL-IP   EXTERNAL-IP   OS-IMAGE             KERNEL-VERSION     CONTAINER-RUNTIME
mk8s-os-cluster-11-control-plane-nvbf6   Ready    <none>   101m   v1.23.17-2+40cc20cc310518   10.6.0.103    <none>        Ubuntu 20.04.3 LTS   5.4.0-89-generic   containerd://1.5.13
------------------------------------------------------------------------------------------------------

----- mk8s-os-cluster-12 ------------------------------------------------------------------------------
NAME                                     STATUS   ROLES    AGE    VERSION                     INTERNAL-IP   EXTERNAL-IP   OS-IMAGE             KERNEL-VERSION     CONTAINER-RUNTIME
mk8s-os-cluster-12-control-plane-8k9ff   Ready    <none>   103m   v1.23.17-2+40cc20cc310518   10.6.0.31     <none>        Ubuntu 20.04.3 LTS   5.4.0-89-generic   containerd://1.5.13
------------------------------------------------------------------------------------------------------

----- mk8s-os-cluster-13 ------------------------------------------------------------------------------
NAME                                     STATUS   ROLES    AGE    VERSION                     INTERNAL-IP   EXTERNAL-IP   OS-IMAGE             KERNEL-VERSION     CONTAINER-RUNTIME
mk8s-os-cluster-13-control-plane-q7nqh   Ready    <none>   102m   v1.23.17-2+40cc20cc310518   10.6.0.35     <none>        Ubuntu 20.04.3 LTS   5.4.0-89-generic   containerd://1.5.13
------------------------------------------------------------------------------------------------------

----- mk8s-os-cluster-14 ------------------------------------------------------------------------------
NAME                                     STATUS   ROLES    AGE    VERSION                     INTERNAL-IP   EXTERNAL-IP   OS-IMAGE             KERNEL-VERSION     CONTAINER-RUNTIME
mk8s-os-cluster-14-control-plane-4ckg9   Ready    <none>   102m   v1.23.17-2+40cc20cc310518   10.6.0.200    <none>        Ubuntu 20.04.3 LTS   5.4.0-89-generic   containerd://1.5.13
------------------------------------------------------------------------------------------------------

----- mk8s-os-cluster-15 ------------------------------------------------------------------------------
NAME                                     STATUS   ROLES    AGE    VERSION                     INTERNAL-IP   EXTERNAL-IP   OS-IMAGE             KERNEL-VERSION     CONTAINER-RUNTIME
mk8s-os-cluster-15-control-plane-sx8v7   Ready    <none>   102m   v1.23.17-2+40cc20cc310518   10.6.0.187    <none>        Ubuntu 20.04.3 LTS   5.4.0-89-generic   containerd://1.5.13
------------------------------------------------------------------------------------------------------

----- mk8s-os-cluster-16 ------------------------------------------------------------------------------
NAME                                     STATUS   ROLES    AGE    VERSION                     INTERNAL-IP   EXTERNAL-IP   OS-IMAGE             KERNEL-VERSION     CONTAINER-RUNTIME
mk8s-os-cluster-16-control-plane-bpx99   Ready    <none>   101m   v1.23.17-2+40cc20cc310518   10.6.0.37     <none>        Ubuntu 20.04.3 LTS   5.4.0-89-generic   containerd://1.5.13
------------------------------------------------------------------------------------------------------

----- mk8s-os-cluster-17 ------------------------------------------------------------------------------
NAME                                     STATUS   ROLES    AGE    VERSION                     INTERNAL-IP   EXTERNAL-IP   OS-IMAGE             KERNEL-VERSION     CONTAINER-RUNTIME
mk8s-os-cluster-17-control-plane-tptns   Ready    <none>   102m   v1.23.17-2+40cc20cc310518   10.6.0.133    <none>        Ubuntu 20.04.3 LTS   5.4.0-89-generic   containerd://1.5.13
------------------------------------------------------------------------------------------------------

----- mk8s-os-cluster-18 ------------------------------------------------------------------------------
NAME                                     STATUS   ROLES    AGE    VERSION                     INTERNAL-IP   EXTERNAL-IP   OS-IMAGE             KERNEL-VERSION     CONTAINER-RUNTIME
mk8s-os-cluster-18-control-plane-rrt92   Ready    <none>   102m   v1.23.17-2+40cc20cc310518   10.6.0.226    <none>        Ubuntu 20.04.3 LTS   5.4.0-89-generic   containerd://1.5.13
------------------------------------------------------------------------------------------------------

----- mk8s-os-cluster-19 ------------------------------------------------------------------------------
NAME                                     STATUS   ROLES    AGE    VERSION                     INTERNAL-IP   EXTERNAL-IP   OS-IMAGE             KERNEL-VERSION     CONTAINER-RUNTIME
mk8s-os-cluster-19-control-plane-wkb7f   Ready    <none>   102m   v1.23.17-2+40cc20cc310518   10.6.0.175    <none>        Ubuntu 20.04.3 LTS   5.4.0-89-generic   containerd://1.5.13
------------------------------------------------------------------------------------------------------

----- mk8s-os-cluster-20 ------------------------------------------------------------------------------
NAME                                     STATUS   ROLES    AGE    VERSION                     INTERNAL-IP   EXTERNAL-IP   OS-IMAGE             KERNEL-VERSION     CONTAINER-RUNTIME
mk8s-os-cluster-20-control-plane-rptmd   Ready    <none>   100m   v1.23.17-2+40cc20cc310518   10.6.0.68     <none>        Ubuntu 20.04.3 LTS   5.4.0-89-generic   containerd://1.5.13
------------------------------------------------------------------------------------------------------

----- mk8s-os-cluster-21 ------------------------------------------------------------------------------
NAME                                     STATUS   ROLES    AGE   VERSION                     INTERNAL-IP   EXTERNAL-IP   OS-IMAGE             KERNEL-VERSION     CONTAINER-RUNTIME
mk8s-os-cluster-21-control-plane-hts4d   Ready    <none>   99m   v1.23.17-2+40cc20cc310518   10.6.0.108    <none>        Ubuntu 20.04.3 LTS   5.4.0-89-generic   containerd://1.5.13
------------------------------------------------------------------------------------------------------

----- mk8s-os-cluster-22 ------------------------------------------------------------------------------
NAME                                     STATUS   ROLES    AGE   VERSION                     INTERNAL-IP   EXTERNAL-IP   OS-IMAGE             KERNEL-VERSION     CONTAINER-RUNTIME
mk8s-os-cluster-22-control-plane-86mn2   Ready    <none>   99m   v1.23.17-2+40cc20cc310518   10.6.0.182    <none>        Ubuntu 20.04.3 LTS   5.4.0-89-generic   containerd://1.5.13
------------------------------------------------------------------------------------------------------

----- mk8s-os-cluster-23 ------------------------------------------------------------------------------
NAME                                     STATUS   ROLES    AGE    VERSION                     INTERNAL-IP   EXTERNAL-IP   OS-IMAGE             KERNEL-VERSION     CONTAINER-RUNTIME
mk8s-os-cluster-23-control-plane-pfc7c   Ready    <none>   100m   v1.23.17-2+40cc20cc310518   10.6.0.225    <none>        Ubuntu 20.04.3 LTS   5.4.0-89-generic   containerd://1.5.13
------------------------------------------------------------------------------------------------------

----- mk8s-os-cluster-24 ------------------------------------------------------------------------------
NAME                                     STATUS   ROLES    AGE    VERSION                     INTERNAL-IP   EXTERNAL-IP   OS-IMAGE             KERNEL-VERSION     CONTAINER-RUNTIME
mk8s-os-cluster-24-control-plane-qlhrr   Ready    <none>   100m   v1.23.17-2+40cc20cc310518   10.6.0.234    <none>        Ubuntu 20.04.3 LTS   5.4.0-89-generic   containerd://1.5.13
------------------------------------------------------------------------------------------------------

----- mk8s-os-cluster-25 ------------------------------------------------------------------------------
NAME                                     STATUS   ROLES    AGE   VERSION                     INTERNAL-IP   EXTERNAL-IP   OS-IMAGE             KERNEL-VERSION     CONTAINER-RUNTIME
mk8s-os-cluster-25-control-plane-dn78w   Ready    <none>   98m   v1.23.17-2+40cc20cc310518   10.6.0.33     <none>        Ubuntu 20.04.3 LTS   5.4.0-89-generic   containerd://1.5.13
------------------------------------------------------------------------------------------------------

----- mk8s-os-cluster-26 ------------------------------------------------------------------------------
NAME                                     STATUS   ROLES    AGE    VERSION                     INTERNAL-IP   EXTERNAL-IP   OS-IMAGE             KERNEL-VERSION     CONTAINER-RUNTIME
mk8s-os-cluster-26-control-plane-g4pjk   Ready    <none>   100m   v1.23.17-2+40cc20cc310518   10.6.0.53     <none>        Ubuntu 20.04.3 LTS   5.4.0-89-generic   containerd://1.5.13
------------------------------------------------------------------------------------------------------

----- mk8s-os-cluster-27 ------------------------------------------------------------------------------
NAME                                     STATUS   ROLES    AGE   VERSION                     INTERNAL-IP   EXTERNAL-IP   OS-IMAGE             KERNEL-VERSION     CONTAINER-RUNTIME
mk8s-os-cluster-27-control-plane-s5spd   Ready    <none>   98m   v1.23.17-2+40cc20cc310518   10.6.0.42     <none>        Ubuntu 20.04.3 LTS   5.4.0-89-generic   containerd://1.5.13
------------------------------------------------------------------------------------------------------

----- mk8s-os-cluster-28 ------------------------------------------------------------------------------
NAME                                     STATUS   ROLES    AGE   VERSION                     INTERNAL-IP   EXTERNAL-IP   OS-IMAGE             KERNEL-VERSION     CONTAINER-RUNTIME
mk8s-os-cluster-28-control-plane-9hm9x   Ready    <none>   99m   v1.23.17-2+40cc20cc310518   10.6.0.18     <none>        Ubuntu 20.04.3 LTS   5.4.0-89-generic   containerd://1.5.13
------------------------------------------------------------------------------------------------------

----- mk8s-os-cluster-29 ------------------------------------------------------------------------------
NAME                                     STATUS   ROLES    AGE   VERSION                     INTERNAL-IP   EXTERNAL-IP   OS-IMAGE             KERNEL-VERSION     CONTAINER-RUNTIME
mk8s-os-cluster-29-control-plane-sqwlt   Ready    <none>   98m   v1.23.17-2+40cc20cc310518   10.6.0.26     <none>        Ubuntu 20.04.3 LTS   5.4.0-89-generic   containerd://1.5.13
------------------------------------------------------------------------------------------------------

----- mk8s-os-cluster-30 ------------------------------------------------------------------------------
NAME                                     STATUS   ROLES    AGE   VERSION                     INTERNAL-IP   EXTERNAL-IP   OS-IMAGE             KERNEL-VERSION     CONTAINER-RUNTIME
mk8s-os-cluster-30-control-plane-mqcb5   Ready    <none>   98m   v1.23.17-2+40cc20cc310518   10.6.0.124    <none>        Ubuntu 20.04.3 LTS   5.4.0-89-generic   containerd://1.5.13
------------------------------------------------------------------------------------------------------

----- mk8s-os-cluster-31 ------------------------------------------------------------------------------
NAME                                     STATUS   ROLES    AGE   VERSION                     INTERNAL-IP   EXTERNAL-IP   OS-IMAGE             KERNEL-VERSION     CONTAINER-RUNTIME
mk8s-os-cluster-31-control-plane-wpr49   Ready    <none>   99m   v1.23.17-2+40cc20cc310518   10.6.0.41     <none>        Ubuntu 20.04.3 LTS   5.4.0-89-generic   containerd://1.5.13
------------------------------------------------------------------------------------------------------

----- mk8s-os-cluster-32 ------------------------------------------------------------------------------
NAME                                     STATUS   ROLES    AGE   VERSION                     INTERNAL-IP   EXTERNAL-IP   OS-IMAGE             KERNEL-VERSION     CONTAINER-RUNTIME
mk8s-os-cluster-32-control-plane-zrsfw   Ready    <none>   97m   v1.23.17-2+40cc20cc310518   10.6.0.220    <none>        Ubuntu 20.04.3 LTS   5.4.0-89-generic   containerd://1.5.13
------------------------------------------------------------------------------------------------------

----- mk8s-os-cluster-33 ------------------------------------------------------------------------------
NAME                                     STATUS   ROLES    AGE   VERSION                     INTERNAL-IP   EXTERNAL-IP   OS-IMAGE             KERNEL-VERSION     CONTAINER-RUNTIME
mk8s-os-cluster-33-control-plane-czmn5   Ready    <none>   98m   v1.23.17-2+40cc20cc310518   10.6.0.246    <none>        Ubuntu 20.04.3 LTS   5.4.0-89-generic   containerd://1.5.13
------------------------------------------------------------------------------------------------------

----- mk8s-os-cluster-34 ------------------------------------------------------------------------------
NAME                                     STATUS   ROLES    AGE   VERSION                     INTERNAL-IP   EXTERNAL-IP   OS-IMAGE             KERNEL-VERSION     CONTAINER-RUNTIME
mk8s-os-cluster-34-control-plane-g98qq   Ready    <none>   97m   v1.23.17-2+40cc20cc310518   10.6.0.125    <none>        Ubuntu 20.04.3 LTS   5.4.0-89-generic   containerd://1.5.13
------------------------------------------------------------------------------------------------------

----- mk8s-os-cluster-35 ------------------------------------------------------------------------------
NAME                                     STATUS   ROLES    AGE   VERSION                     INTERNAL-IP   EXTERNAL-IP   OS-IMAGE             KERNEL-VERSION     CONTAINER-RUNTIME
mk8s-os-cluster-35-control-plane-gkfhc   Ready    <none>   97m   v1.23.17-2+40cc20cc310518   10.6.0.142    <none>        Ubuntu 20.04.3 LTS   5.4.0-89-generic   containerd://1.5.13
------------------------------------------------------------------------------------------------------

----- mk8s-os-cluster-36 ------------------------------------------------------------------------------
NAME                                     STATUS   ROLES    AGE   VERSION                     INTERNAL-IP   EXTERNAL-IP   OS-IMAGE             KERNEL-VERSION     CONTAINER-RUNTIME
mk8s-os-cluster-36-control-plane-k4tcr   Ready    <none>   95m   v1.23.17-2+40cc20cc310518   10.6.0.18     <none>        Ubuntu 20.04.3 LTS   5.4.0-89-generic   containerd://1.5.13
------------------------------------------------------------------------------------------------------

----- mk8s-os-cluster-37 ------------------------------------------------------------------------------
NAME                                     STATUS   ROLES    AGE   VERSION                     INTERNAL-IP   EXTERNAL-IP   OS-IMAGE             KERNEL-VERSION     CONTAINER-RUNTIME
mk8s-os-cluster-37-control-plane-nqvhb   Ready    <none>   97m   v1.23.17-2+40cc20cc310518   10.6.0.74     <none>        Ubuntu 20.04.3 LTS   5.4.0-89-generic   containerd://1.5.13
------------------------------------------------------------------------------------------------------

----- mk8s-os-cluster-38 ------------------------------------------------------------------------------
NAME                                     STATUS   ROLES    AGE   VERSION                     INTERNAL-IP   EXTERNAL-IP   OS-IMAGE             KERNEL-VERSION     CONTAINER-RUNTIME
mk8s-os-cluster-38-control-plane-c8xxk   Ready    <none>   94m   v1.23.17-2+40cc20cc310518   10.6.0.248    <none>        Ubuntu 20.04.3 LTS   5.4.0-89-generic   containerd://1.5.13
------------------------------------------------------------------------------------------------------

----- mk8s-os-cluster-39 ------------------------------------------------------------------------------
NAME                                     STATUS   ROLES    AGE   VERSION                     INTERNAL-IP   EXTERNAL-IP   OS-IMAGE             KERNEL-VERSION     CONTAINER-RUNTIME
mk8s-os-cluster-39-control-plane-x82ks   Ready    <none>   94m   v1.23.17-2+40cc20cc310518   10.6.0.18     <none>        Ubuntu 20.04.3 LTS   5.4.0-89-generic   containerd://1.5.13
------------------------------------------------------------------------------------------------------

----- mk8s-os-cluster-40 ------------------------------------------------------------------------------
NAME                                     STATUS   ROLES    AGE   VERSION                     INTERNAL-IP   EXTERNAL-IP   OS-IMAGE             KERNEL-VERSION     CONTAINER-RUNTIME
mk8s-os-cluster-40-control-plane-kdwjb   Ready    <none>   94m   v1.23.17-2+40cc20cc310518   10.6.0.155    <none>        Ubuntu 20.04.3 LTS   5.4.0-89-generic   containerd://1.5.13
------------------------------------------------------------------------------------------------------

----- mk8s-os-cluster-41 ------------------------------------------------------------------------------
NAME                                     STATUS   ROLES    AGE   VERSION                     INTERNAL-IP   EXTERNAL-IP   OS-IMAGE             KERNEL-VERSION     CONTAINER-RUNTIME
mk8s-os-cluster-41-control-plane-q792q   Ready    <none>   96m   v1.23.17-2+40cc20cc310518   10.6.0.47     <none>        Ubuntu 20.04.3 LTS   5.4.0-89-generic   containerd://1.5.13
------------------------------------------------------------------------------------------------------

----- mk8s-os-cluster-42 ------------------------------------------------------------------------------
NAME                                     STATUS   ROLES    AGE   VERSION                     INTERNAL-IP   EXTERNAL-IP   OS-IMAGE             KERNEL-VERSION     CONTAINER-RUNTIME
mk8s-os-cluster-42-control-plane-c559q   Ready    <none>   96m   v1.23.17-2+40cc20cc310518   10.6.0.78     <none>        Ubuntu 20.04.3 LTS   5.4.0-89-generic   containerd://1.5.13
------------------------------------------------------------------------------------------------------

----- mk8s-os-cluster-43 ------------------------------------------------------------------------------
NAME                                     STATUS   ROLES    AGE   VERSION                     INTERNAL-IP   EXTERNAL-IP   OS-IMAGE             KERNEL-VERSION     CONTAINER-RUNTIME
mk8s-os-cluster-43-control-plane-89bjz   Ready    <none>   93m   v1.23.17-2+40cc20cc310518   10.6.0.187    <none>        Ubuntu 20.04.3 LTS   5.4.0-89-generic   containerd://1.5.13
------------------------------------------------------------------------------------------------------

----- mk8s-os-cluster-44 ------------------------------------------------------------------------------
NAME                                     STATUS   ROLES    AGE   VERSION                     INTERNAL-IP   EXTERNAL-IP   OS-IMAGE             KERNEL-VERSION     CONTAINER-RUNTIME
mk8s-os-cluster-44-control-plane-tzwb9   Ready    <none>   93m   v1.23.17-2+40cc20cc310518   10.6.0.250    <none>        Ubuntu 20.04.3 LTS   5.4.0-89-generic   containerd://1.5.13
------------------------------------------------------------------------------------------------------

----- mk8s-os-cluster-45 ------------------------------------------------------------------------------
NAME                                     STATUS   ROLES    AGE   VERSION                     INTERNAL-IP   EXTERNAL-IP   OS-IMAGE             KERNEL-VERSION     CONTAINER-RUNTIME
mk8s-os-cluster-45-control-plane-t4bnm   Ready    <none>   93m   v1.23.17-2+40cc20cc310518   10.6.0.125    <none>        Ubuntu 20.04.3 LTS   5.4.0-89-generic   containerd://1.5.13
------------------------------------------------------------------------------------------------------

----- mk8s-os-cluster-46 ------------------------------------------------------------------------------
NAME                                     STATUS   ROLES    AGE   VERSION                     INTERNAL-IP   EXTERNAL-IP   OS-IMAGE             KERNEL-VERSION     CONTAINER-RUNTIME
mk8s-os-cluster-46-control-plane-7s8cr   Ready    <none>   93m   v1.23.17-2+40cc20cc310518   10.6.0.213    <none>        Ubuntu 20.04.3 LTS   5.4.0-89-generic   containerd://1.5.13
------------------------------------------------------------------------------------------------------

----- mk8s-os-cluster-47 ------------------------------------------------------------------------------
NAME                                     STATUS   ROLES    AGE   VERSION                     INTERNAL-IP   EXTERNAL-IP   OS-IMAGE             KERNEL-VERSION     CONTAINER-RUNTIME
mk8s-os-cluster-47-control-plane-4bdpk   Ready    <none>   91m   v1.23.17-2+40cc20cc310518   10.6.0.195    <none>        Ubuntu 20.04.3 LTS   5.4.0-89-generic   containerd://1.5.13
------------------------------------------------------------------------------------------------------

----- mk8s-os-cluster-48 ------------------------------------------------------------------------------
NAME                                     STATUS   ROLES    AGE   VERSION                     INTERNAL-IP   EXTERNAL-IP   OS-IMAGE             KERNEL-VERSION     CONTAINER-RUNTIME
mk8s-os-cluster-48-control-plane-5rx74   Ready    <none>   90m   v1.23.17-2+40cc20cc310518   10.6.0.204    <none>        Ubuntu 20.04.3 LTS   5.4.0-89-generic   containerd://1.5.13
------------------------------------------------------------------------------------------------------

----- mk8s-os-cluster-49 ------------------------------------------------------------------------------
NAME                                     STATUS   ROLES    AGE   VERSION                     INTERNAL-IP   EXTERNAL-IP   OS-IMAGE             KERNEL-VERSION     CONTAINER-RUNTIME
mk8s-os-cluster-49-control-plane-5qhr6   Ready    <none>   91m   v1.23.17-2+40cc20cc310518   10.6.0.52     <none>        Ubuntu 20.04.3 LTS   5.4.0-89-generic   containerd://1.5.13
------------------------------------------------------------------------------------------------------

----- mk8s-os-cluster-50 ------------------------------------------------------------------------------
NAME                                     STATUS   ROLES    AGE   VERSION                     INTERNAL-IP   EXTERNAL-IP   OS-IMAGE             KERNEL-VERSION     CONTAINER-RUNTIME
mk8s-os-cluster-50-control-plane-ttnrh   Ready    <none>   90m   v1.23.17-2+40cc20cc310518   10.6.0.64     <none>        Ubuntu 20.04.3 LTS   5.4.0-89-generic   containerd://1.5.13
------------------------------------------------------------------------------------------------------

----- mk8s-os-cluster-51 ------------------------------------------------------------------------------
NAME                                     STATUS   ROLES    AGE   VERSION                     INTERNAL-IP   EXTERNAL-IP   OS-IMAGE             KERNEL-VERSION     CONTAINER-RUNTIME
mk8s-os-cluster-51-control-plane-t55sc   Ready    <none>   90m   v1.23.17-2+40cc20cc310518   10.6.0.30     <none>        Ubuntu 20.04.3 LTS   5.4.0-89-generic   containerd://1.5.13
------------------------------------------------------------------------------------------------------

----- mk8s-os-cluster-52 ------------------------------------------------------------------------------
NAME                                     STATUS   ROLES    AGE   VERSION                     INTERNAL-IP   EXTERNAL-IP   OS-IMAGE             KERNEL-VERSION     CONTAINER-RUNTIME
mk8s-os-cluster-52-control-plane-mlwfg   Ready    <none>   91m   v1.23.17-2+40cc20cc310518   10.6.0.235    <none>        Ubuntu 20.04.3 LTS   5.4.0-89-generic   containerd://1.5.13
------------------------------------------------------------------------------------------------------

----- mk8s-os-cluster-53 ------------------------------------------------------------------------------
NAME                                     STATUS   ROLES    AGE   VERSION                     INTERNAL-IP   EXTERNAL-IP   OS-IMAGE             KERNEL-VERSION     CONTAINER-RUNTIME
mk8s-os-cluster-53-control-plane-ntqp8   Ready    <none>   90m   v1.23.17-2+40cc20cc310518   10.6.0.75     <none>        Ubuntu 20.04.3 LTS   5.4.0-89-generic   containerd://1.5.13
------------------------------------------------------------------------------------------------------

----- mk8s-os-cluster-54 ------------------------------------------------------------------------------
NAME                                     STATUS   ROLES    AGE   VERSION                     INTERNAL-IP   EXTERNAL-IP   OS-IMAGE             KERNEL-VERSION     CONTAINER-RUNTIME
mk8s-os-cluster-54-control-plane-lt7nq   Ready    <none>   87m   v1.23.17-2+40cc20cc310518   10.6.0.26     <none>        Ubuntu 20.04.3 LTS   5.4.0-89-generic   containerd://1.5.13
------------------------------------------------------------------------------------------------------

----- mk8s-os-cluster-55 ------------------------------------------------------------------------------
NAME                                     STATUS   ROLES    AGE   VERSION                     INTERNAL-IP   EXTERNAL-IP   OS-IMAGE             KERNEL-VERSION     CONTAINER-RUNTIME
mk8s-os-cluster-55-control-plane-bbnsm   Ready    <none>   90m   v1.23.17-2+40cc20cc310518   10.6.0.115    <none>        Ubuntu 20.04.3 LTS   5.4.0-89-generic   containerd://1.5.13
------------------------------------------------------------------------------------------------------

----- mk8s-os-cluster-56 ------------------------------------------------------------------------------
NAME                                     STATUS   ROLES    AGE   VERSION                     INTERNAL-IP   EXTERNAL-IP   OS-IMAGE             KERNEL-VERSION     CONTAINER-RUNTIME
mk8s-os-cluster-56-control-plane-j9r76   Ready    <none>   87m   v1.23.17-2+40cc20cc310518   10.6.0.107    <none>        Ubuntu 20.04.3 LTS   5.4.0-89-generic   containerd://1.5.13
------------------------------------------------------------------------------------------------------

----- mk8s-os-cluster-57 ------------------------------------------------------------------------------
NAME                                     STATUS   ROLES    AGE   VERSION                     INTERNAL-IP   EXTERNAL-IP   OS-IMAGE             KERNEL-VERSION     CONTAINER-RUNTIME
mk8s-os-cluster-57-control-plane-274kl   Ready    <none>   87m   v1.23.17-2+40cc20cc310518   10.6.0.176    <none>        Ubuntu 20.04.3 LTS   5.4.0-89-generic   containerd://1.5.13
------------------------------------------------------------------------------------------------------

----- mk8s-os-cluster-58 ------------------------------------------------------------------------------
NAME                                     STATUS   ROLES    AGE   VERSION                     INTERNAL-IP   EXTERNAL-IP   OS-IMAGE             KERNEL-VERSION     CONTAINER-RUNTIME
mk8s-os-cluster-58-control-plane-hmmkr   Ready    <none>   86m   v1.23.17-2+40cc20cc310518   10.6.0.113    <none>        Ubuntu 20.04.3 LTS   5.4.0-89-generic   containerd://1.5.13
------------------------------------------------------------------------------------------------------

----- mk8s-os-cluster-59 ------------------------------------------------------------------------------
NAME                                     STATUS   ROLES    AGE   VERSION                     INTERNAL-IP   EXTERNAL-IP   OS-IMAGE             KERNEL-VERSION     CONTAINER-RUNTIME
mk8s-os-cluster-59-control-plane-srbqc   Ready    <none>   87m   v1.23.17-2+40cc20cc310518   10.6.0.137    <none>        Ubuntu 20.04.3 LTS   5.4.0-89-generic   containerd://1.5.13
------------------------------------------------------------------------------------------------------

----- mk8s-os-cluster-60 ------------------------------------------------------------------------------
NAME                                     STATUS   ROLES    AGE   VERSION                     INTERNAL-IP   EXTERNAL-IP   OS-IMAGE             KERNEL-VERSION     CONTAINER-RUNTIME
mk8s-os-cluster-60-control-plane-sgqm9   Ready    <none>   87m   v1.23.17-2+40cc20cc310518   10.6.0.141    <none>        Ubuntu 20.04.3 LTS   5.4.0-89-generic   containerd://1.5.13
------------------------------------------------------------------------------------------------------

----- mk8s-os-cluster-61 ------------------------------------------------------------------------------
NAME                                     STATUS   ROLES    AGE   VERSION                     INTERNAL-IP   EXTERNAL-IP   OS-IMAGE             KERNEL-VERSION     CONTAINER-RUNTIME
mk8s-os-cluster-61-control-plane-k2nnn   Ready    <none>   84m   v1.23.17-2+40cc20cc310518   10.6.0.9      <none>        Ubuntu 20.04.3 LTS   5.4.0-89-generic   containerd://1.5.13
------------------------------------------------------------------------------------------------------

----- mk8s-os-cluster-62 ------------------------------------------------------------------------------
NAME                                     STATUS   ROLES    AGE   VERSION                     INTERNAL-IP   EXTERNAL-IP   OS-IMAGE             KERNEL-VERSION     CONTAINER-RUNTIME
mk8s-os-cluster-62-control-plane-d6tpk   Ready    <none>   84m   v1.23.17-2+40cc20cc310518   10.6.0.229    <none>        Ubuntu 20.04.3 LTS   5.4.0-89-generic   containerd://1.5.13
------------------------------------------------------------------------------------------------------

----- mk8s-os-cluster-63 ------------------------------------------------------------------------------
NAME                                     STATUS   ROLES    AGE   VERSION                     INTERNAL-IP   EXTERNAL-IP   OS-IMAGE             KERNEL-VERSION     CONTAINER-RUNTIME
mk8s-os-cluster-63-control-plane-v9tkj   Ready    <none>   83m   v1.23.17-2+40cc20cc310518   10.6.0.180    <none>        Ubuntu 20.04.3 LTS   5.4.0-89-generic   containerd://1.5.13
------------------------------------------------------------------------------------------------------

----- mk8s-os-cluster-64 ------------------------------------------------------------------------------
NAME                                     STATUS   ROLES    AGE   VERSION                     INTERNAL-IP   EXTERNAL-IP   OS-IMAGE             KERNEL-VERSION     CONTAINER-RUNTIME
mk8s-os-cluster-64-control-plane-sms69   Ready    <none>   82m   v1.23.17-2+40cc20cc310518   10.6.0.247    <none>        Ubuntu 20.04.3 LTS   5.4.0-89-generic   containerd://1.5.13
------------------------------------------------------------------------------------------------------

----- mk8s-os-cluster-65 ------------------------------------------------------------------------------
NAME                                     STATUS   ROLES    AGE   VERSION                     INTERNAL-IP   EXTERNAL-IP   OS-IMAGE             KERNEL-VERSION     CONTAINER-RUNTIME
mk8s-os-cluster-65-control-plane-4lvgl   Ready    <none>   82m   v1.23.17-2+40cc20cc310518   10.6.0.203    <none>        Ubuntu 20.04.3 LTS   5.4.0-89-generic   containerd://1.5.13
------------------------------------------------------------------------------------------------------

----- mk8s-os-cluster-66 ------------------------------------------------------------------------------
NAME                                     STATUS   ROLES    AGE   VERSION                     INTERNAL-IP   EXTERNAL-IP   OS-IMAGE             KERNEL-VERSION     CONTAINER-RUNTIME
mk8s-os-cluster-66-control-plane-mzj2b   Ready    <none>   83m   v1.23.17-2+40cc20cc310518   10.6.0.68     <none>        Ubuntu 20.04.3 LTS   5.4.0-89-generic   containerd://1.5.13
------------------------------------------------------------------------------------------------------

----- mk8s-os-cluster-67 ------------------------------------------------------------------------------
NAME                                     STATUS   ROLES    AGE   VERSION                     INTERNAL-IP   EXTERNAL-IP   OS-IMAGE             KERNEL-VERSION     CONTAINER-RUNTIME
mk8s-os-cluster-67-control-plane-6ctcs   Ready    <none>   83m   v1.23.17-2+40cc20cc310518   10.6.0.110    <none>        Ubuntu 20.04.3 LTS   5.4.0-89-generic   containerd://1.5.13
------------------------------------------------------------------------------------------------------

----- mk8s-os-cluster-68 ------------------------------------------------------------------------------
NAME                                     STATUS   ROLES    AGE   VERSION                     INTERNAL-IP   EXTERNAL-IP   OS-IMAGE             KERNEL-VERSION     CONTAINER-RUNTIME
mk8s-os-cluster-68-control-plane-h495g   Ready    <none>   83m   v1.23.17-2+40cc20cc310518   10.6.0.87     <none>        Ubuntu 20.04.3 LTS   5.4.0-89-generic   containerd://1.5.13
------------------------------------------------------------------------------------------------------

----- mk8s-os-cluster-69 ------------------------------------------------------------------------------
NAME                                     STATUS   ROLES    AGE   VERSION                     INTERNAL-IP   EXTERNAL-IP   OS-IMAGE             KERNEL-VERSION     CONTAINER-RUNTIME
mk8s-os-cluster-69-control-plane-tppg2   Ready    <none>   81m   v1.23.17-2+40cc20cc310518   10.6.0.195    <none>        Ubuntu 20.04.3 LTS   5.4.0-89-generic   containerd://1.5.13
------------------------------------------------------------------------------------------------------

----- mk8s-os-cluster-70 ------------------------------------------------------------------------------
NAME                                     STATUS   ROLES    AGE   VERSION                     INTERNAL-IP   EXTERNAL-IP   OS-IMAGE             KERNEL-VERSION     CONTAINER-RUNTIME
mk8s-os-cluster-70-control-plane-ps6df   Ready    <none>   49m   v1.23.17-2+40cc20cc310518   10.6.0.147    <none>        Ubuntu 20.04.3 LTS   5.4.0-89-generic   containerd://1.5.13
------------------------------------------------------------------------------------------------------

----- mk8s-os-cluster-71 ------------------------------------------------------------------------------
NAME                                     STATUS   ROLES    AGE   VERSION                     INTERNAL-IP   EXTERNAL-IP   OS-IMAGE             KERNEL-VERSION     CONTAINER-RUNTIME
mk8s-os-cluster-71-control-plane-hdq49   Ready    <none>   47m   v1.23.17-2+40cc20cc310518   10.6.0.133    <none>        Ubuntu 20.04.3 LTS   5.4.0-89-generic   containerd://1.5.13
------------------------------------------------------------------------------------------------------

----- mk8s-os-cluster-72 ------------------------------------------------------------------------------
NAME                                     STATUS   ROLES    AGE   VERSION                     INTERNAL-IP   EXTERNAL-IP   OS-IMAGE             KERNEL-VERSION     CONTAINER-RUNTIME
mk8s-os-cluster-72-control-plane-dvrkp   Ready    <none>   47m   v1.23.17-2+40cc20cc310518   10.6.0.55     <none>        Ubuntu 20.04.3 LTS   5.4.0-89-generic   containerd://1.5.13
------------------------------------------------------------------------------------------------------

----- mk8s-os-cluster-73 ------------------------------------------------------------------------------
NAME                                     STATUS   ROLES    AGE   VERSION                     INTERNAL-IP   EXTERNAL-IP   OS-IMAGE             KERNEL-VERSION     CONTAINER-RUNTIME
mk8s-os-cluster-73-control-plane-lct28   Ready    <none>   47m   v1.23.17-2+40cc20cc310518   10.6.0.81     <none>        Ubuntu 20.04.3 LTS   5.4.0-89-generic   containerd://1.5.13
------------------------------------------------------------------------------------------------------

----- mk8s-os-cluster-74 ------------------------------------------------------------------------------
NAME                                     STATUS   ROLES    AGE   VERSION                     INTERNAL-IP   EXTERNAL-IP   OS-IMAGE             KERNEL-VERSION     CONTAINER-RUNTIME
mk8s-os-cluster-74-control-plane-d9vmw   Ready    <none>   47m   v1.23.17-2+40cc20cc310518   10.6.0.215    <none>        Ubuntu 20.04.3 LTS   5.4.0-89-generic   containerd://1.5.13
------------------------------------------------------------------------------------------------------

----- mk8s-os-cluster-75 ------------------------------------------------------------------------------
NAME                                     STATUS   ROLES    AGE   VERSION                     INTERNAL-IP   EXTERNAL-IP   OS-IMAGE             KERNEL-VERSION     CONTAINER-RUNTIME
mk8s-os-cluster-75-control-plane-f4b6k   Ready    <none>   48m   v1.23.17-2+40cc20cc310518   10.6.0.186    <none>        Ubuntu 20.04.3 LTS   5.4.0-89-generic   containerd://1.5.13
------------------------------------------------------------------------------------------------------

----- mk8s-os-cluster-76 ------------------------------------------------------------------------------
NAME                                     STATUS   ROLES    AGE   VERSION                     INTERNAL-IP   EXTERNAL-IP   OS-IMAGE             KERNEL-VERSION     CONTAINER-RUNTIME
mk8s-os-cluster-76-control-plane-jwxfv   Ready    <none>   47m   v1.23.17-2+40cc20cc310518   10.6.0.146    <none>        Ubuntu 20.04.3 LTS   5.4.0-89-generic   containerd://1.5.13
------------------------------------------------------------------------------------------------------

----- mk8s-os-cluster-77 ------------------------------------------------------------------------------
NAME                                     STATUS   ROLES    AGE   VERSION                     INTERNAL-IP   EXTERNAL-IP   OS-IMAGE             KERNEL-VERSION     CONTAINER-RUNTIME
mk8s-os-cluster-77-control-plane-5jthr   Ready    <none>   48m   v1.23.17-2+40cc20cc310518   10.6.0.47     <none>        Ubuntu 20.04.3 LTS   5.4.0-89-generic   containerd://1.5.13
------------------------------------------------------------------------------------------------------

----- mk8s-os-cluster-78 ------------------------------------------------------------------------------
NAME                                     STATUS   ROLES    AGE   VERSION                     INTERNAL-IP   EXTERNAL-IP   OS-IMAGE             KERNEL-VERSION     CONTAINER-RUNTIME
mk8s-os-cluster-78-control-plane-rzvxz   Ready    <none>   48m   v1.23.17-2+40cc20cc310518   10.6.0.191    <none>        Ubuntu 20.04.3 LTS   5.4.0-89-generic   containerd://1.5.13
------------------------------------------------------------------------------------------------------

----- mk8s-os-cluster-79 ------------------------------------------------------------------------------
NAME                                     STATUS   ROLES    AGE   VERSION                     INTERNAL-IP   EXTERNAL-IP   OS-IMAGE             KERNEL-VERSION     CONTAINER-RUNTIME
mk8s-os-cluster-79-control-plane-qc622   Ready    <none>   48m   v1.23.17-2+40cc20cc310518   10.6.0.71     <none>        Ubuntu 20.04.3 LTS   5.4.0-89-generic   containerd://1.5.13
------------------------------------------------------------------------------------------------------

----- mk8s-os-cluster-80 ------------------------------------------------------------------------------
NAME                                     STATUS   ROLES    AGE   VERSION                     INTERNAL-IP   EXTERNAL-IP   OS-IMAGE             KERNEL-VERSION     CONTAINER-RUNTIME
mk8s-os-cluster-80-control-plane-2sn5z   Ready    <none>   47m   v1.23.17-2+40cc20cc310518   10.6.0.108    <none>        Ubuntu 20.04.3 LTS   5.4.0-89-generic   containerd://1.5.13
------------------------------------------------------------------------------------------------------

----- mk8s-os-cluster-81 ------------------------------------------------------------------------------
NAME                                     STATUS   ROLES    AGE   VERSION                     INTERNAL-IP   EXTERNAL-IP   OS-IMAGE             KERNEL-VERSION     CONTAINER-RUNTIME
mk8s-os-cluster-81-control-plane-cfjvh   Ready    <none>   47m   v1.23.17-2+40cc20cc310518   10.6.0.224    <none>        Ubuntu 20.04.3 LTS   5.4.0-89-generic   containerd://1.5.13
------------------------------------------------------------------------------------------------------

----- mk8s-os-cluster-82 ------------------------------------------------------------------------------
NAME                                     STATUS   ROLES    AGE   VERSION                     INTERNAL-IP   EXTERNAL-IP   OS-IMAGE             KERNEL-VERSION     CONTAINER-RUNTIME
mk8s-os-cluster-82-control-plane-48wgj   Ready    <none>   45m   v1.23.17-2+40cc20cc310518   10.6.0.66     <none>        Ubuntu 20.04.3 LTS   5.4.0-89-generic   containerd://1.5.13
------------------------------------------------------------------------------------------------------

----- mk8s-os-cluster-83 ------------------------------------------------------------------------------
NAME                                     STATUS   ROLES    AGE   VERSION                     INTERNAL-IP   EXTERNAL-IP   OS-IMAGE             KERNEL-VERSION     CONTAINER-RUNTIME
mk8s-os-cluster-83-control-plane-5qgnp   Ready    <none>   46m   v1.23.17-2+40cc20cc310518   10.6.0.39     <none>        Ubuntu 20.04.3 LTS   5.4.0-89-generic   containerd://1.5.13
------------------------------------------------------------------------------------------------------

----- mk8s-os-cluster-84 ------------------------------------------------------------------------------
NAME                                     STATUS   ROLES    AGE   VERSION                     INTERNAL-IP   EXTERNAL-IP   OS-IMAGE             KERNEL-VERSION     CONTAINER-RUNTIME
mk8s-os-cluster-84-control-plane-cxlc9   Ready    <none>   44m   v1.23.17-2+40cc20cc310518   10.6.0.215    <none>        Ubuntu 20.04.3 LTS   5.4.0-89-generic   containerd://1.5.13
------------------------------------------------------------------------------------------------------

----- mk8s-os-cluster-85 ------------------------------------------------------------------------------
NAME                                     STATUS   ROLES    AGE   VERSION                     INTERNAL-IP   EXTERNAL-IP   OS-IMAGE             KERNEL-VERSION     CONTAINER-RUNTIME
mk8s-os-cluster-85-control-plane-dprb9   Ready    <none>   44m   v1.23.17-2+40cc20cc310518   10.6.0.221    <none>        Ubuntu 20.04.3 LTS   5.4.0-89-generic   containerd://1.5.13
------------------------------------------------------------------------------------------------------

----- mk8s-os-cluster-86 ------------------------------------------------------------------------------
NAME                                     STATUS   ROLES    AGE   VERSION                     INTERNAL-IP   EXTERNAL-IP   OS-IMAGE             KERNEL-VERSION     CONTAINER-RUNTIME
mk8s-os-cluster-86-control-plane-q56ll   Ready    <none>   46m   v1.23.17-2+40cc20cc310518   10.6.0.46     <none>        Ubuntu 20.04.3 LTS   5.4.0-89-generic   containerd://1.5.13
------------------------------------------------------------------------------------------------------

----- mk8s-os-cluster-87 ------------------------------------------------------------------------------
NAME                                     STATUS   ROLES    AGE   VERSION                     INTERNAL-IP   EXTERNAL-IP   OS-IMAGE             KERNEL-VERSION     CONTAINER-RUNTIME
mk8s-os-cluster-87-control-plane-kt2cz   Ready    <none>   45m   v1.23.17-2+40cc20cc310518   10.6.0.87     <none>        Ubuntu 20.04.3 LTS   5.4.0-89-generic   containerd://1.5.13
------------------------------------------------------------------------------------------------------

----- mk8s-os-cluster-88 ------------------------------------------------------------------------------
NAME                                     STATUS   ROLES    AGE   VERSION                     INTERNAL-IP   EXTERNAL-IP   OS-IMAGE             KERNEL-VERSION     CONTAINER-RUNTIME
mk8s-os-cluster-88-control-plane-hbn9j   Ready    <none>   45m   v1.23.17-2+40cc20cc310518   10.6.0.246    <none>        Ubuntu 20.04.3 LTS   5.4.0-89-generic   containerd://1.5.13
------------------------------------------------------------------------------------------------------

----- mk8s-os-cluster-89 ------------------------------------------------------------------------------
NAME                                     STATUS   ROLES    AGE   VERSION                     INTERNAL-IP   EXTERNAL-IP   OS-IMAGE             KERNEL-VERSION     CONTAINER-RUNTIME
mk8s-os-cluster-89-control-plane-pvg5n   Ready    <none>   15m   v1.23.17-2+40cc20cc310518   10.6.0.177    <none>        Ubuntu 20.04.3 LTS   5.4.0-89-generic   containerd://1.5.13
------------------------------------------------------------------------------------------------------

----- mk8s-os-cluster-90 ------------------------------------------------------------------------------
NAME                                     STATUS   ROLES    AGE   VERSION                     INTERNAL-IP   EXTERNAL-IP   OS-IMAGE             KERNEL-VERSION     CONTAINER-RUNTIME
mk8s-os-cluster-90-control-plane-ftbps   Ready    <none>   15m   v1.23.17-2+40cc20cc310518   10.6.0.72     <none>        Ubuntu 20.04.3 LTS   5.4.0-89-generic   containerd://1.5.13
------------------------------------------------------------------------------------------------------

----- mk8s-os-cluster-91 ------------------------------------------------------------------------------
NAME                                     STATUS   ROLES    AGE   VERSION                     INTERNAL-IP   EXTERNAL-IP   OS-IMAGE             KERNEL-VERSION     CONTAINER-RUNTIME
mk8s-os-cluster-91-control-plane-jmswq   Ready    <none>   15m   v1.23.17-2+40cc20cc310518   10.6.0.46     <none>        Ubuntu 20.04.3 LTS   5.4.0-89-generic   containerd://1.5.13
------------------------------------------------------------------------------------------------------

----- mk8s-os-cluster-92 ------------------------------------------------------------------------------
NAME                                     STATUS   ROLES    AGE   VERSION                     INTERNAL-IP   EXTERNAL-IP   OS-IMAGE             KERNEL-VERSION     CONTAINER-RUNTIME
mk8s-os-cluster-92-control-plane-z6s5h   Ready    <none>   13m   v1.23.17-2+40cc20cc310518   10.6.0.142    <none>        Ubuntu 20.04.3 LTS   5.4.0-89-generic   containerd://1.5.13
------------------------------------------------------------------------------------------------------

----- mk8s-os-cluster-93 ------------------------------------------------------------------------------
NAME                                     STATUS   ROLES    AGE   VERSION                     INTERNAL-IP   EXTERNAL-IP   OS-IMAGE             KERNEL-VERSION     CONTAINER-RUNTIME
mk8s-os-cluster-93-control-plane-hscs7   Ready    <none>   15m   v1.23.17-2+40cc20cc310518   10.6.0.143    <none>        Ubuntu 20.04.3 LTS   5.4.0-89-generic   containerd://1.5.13
------------------------------------------------------------------------------------------------------

----- mk8s-os-cluster-94 ------------------------------------------------------------------------------
NAME                                     STATUS   ROLES    AGE   VERSION                     INTERNAL-IP   EXTERNAL-IP   OS-IMAGE             KERNEL-VERSION     CONTAINER-RUNTIME
mk8s-os-cluster-94-control-plane-rqwtn   Ready    <none>   13m   v1.23.17-2+40cc20cc310518   10.6.0.211    <none>        Ubuntu 20.04.3 LTS   5.4.0-89-generic   containerd://1.5.13
------------------------------------------------------------------------------------------------------

----- mk8s-os-cluster-95 ------------------------------------------------------------------------------
NAME                                     STATUS   ROLES    AGE   VERSION                     INTERNAL-IP   EXTERNAL-IP   OS-IMAGE             KERNEL-VERSION     CONTAINER-RUNTIME
mk8s-os-cluster-95-control-plane-mcrtt   Ready    <none>   12m   v1.23.17-2+40cc20cc310518   10.6.0.208    <none>        Ubuntu 20.04.3 LTS   5.4.0-89-generic   containerd://1.5.13
------------------------------------------------------------------------------------------------------

----- mk8s-os-cluster-96 ------------------------------------------------------------------------------
NAME                                     STATUS   ROLES    AGE   VERSION                     INTERNAL-IP   EXTERNAL-IP   OS-IMAGE             KERNEL-VERSION     CONTAINER-RUNTIME
mk8s-os-cluster-96-control-plane-g5skg   Ready    <none>   15m   v1.23.17-2+40cc20cc310518   10.6.0.214    <none>        Ubuntu 20.04.3 LTS   5.4.0-89-generic   containerd://1.5.13
------------------------------------------------------------------------------------------------------

----- mk8s-os-cluster-97 ------------------------------------------------------------------------------
NAME                                     STATUS   ROLES    AGE   VERSION                     INTERNAL-IP   EXTERNAL-IP   OS-IMAGE             KERNEL-VERSION     CONTAINER-RUNTIME
mk8s-os-cluster-97-control-plane-vmj6h   Ready    <none>   15m   v1.23.17-2+40cc20cc310518   10.6.0.173    <none>        Ubuntu 20.04.3 LTS   5.4.0-89-generic   containerd://1.5.13
------------------------------------------------------------------------------------------------------

----- mk8s-os-cluster-98 ------------------------------------------------------------------------------
NAME                                     STATUS   ROLES    AGE   VERSION                     INTERNAL-IP   EXTERNAL-IP   OS-IMAGE             KERNEL-VERSION     CONTAINER-RUNTIME
mk8s-os-cluster-98-control-plane-snrtg   Ready    <none>   13m   v1.23.17-2+40cc20cc310518   10.6.0.60     <none>        Ubuntu 20.04.3 LTS   5.4.0-89-generic   containerd://1.5.13
------------------------------------------------------------------------------------------------------

----- mk8s-os-cluster-99 ------------------------------------------------------------------------------
NAME                                     STATUS   ROLES    AGE   VERSION                     INTERNAL-IP   EXTERNAL-IP   OS-IMAGE             KERNEL-VERSION     CONTAINER-RUNTIME
mk8s-os-cluster-99-control-plane-qvjqb   Ready    <none>   12m   v1.23.17-2+40cc20cc310518   10.6.0.227    <none>        Ubuntu 20.04.3 LTS   5.4.0-89-generic   containerd://1.5.13
------------------------------------------------------------------------------------------------------

----- mk8s-os-cluster-100 ------------------------------------------------------------------------------
NAME                                      STATUS   ROLES    AGE   VERSION                     INTERNAL-IP   EXTERNAL-IP   OS-IMAGE             KERNEL-VERSION     CONTAINER-RUNTIME
mk8s-os-cluster-100-control-plane-qb5k6   Ready    <none>   15m   v1.23.17-2+40cc20cc310518   10.6.0.11     <none>        Ubuntu 20.04.3 LTS   5.4.0-89-generic   containerd://1.5.13
------------------------------------------------------------------------------------------------------

